2023-01-17 12:54:02:542 [32minfo[39m: [32mdatabase connected successfuly[39m
2023-01-17 12:54:02:542 [32minfo[39m: [32mtable sync successful[39m
2023-01-17 12:54:03:543 [32minfo[39m: [32mdatabase connected successfuly[39m
2023-01-17 12:54:03:543 [32minfo[39m: [32mtable sync successful[39m
2023-01-17 12:55:08:558 [32minfo[39m: [32mdatabase connected successfuly[39m
2023-01-17 12:55:08:558 [32minfo[39m: [32mtable sync successful[39m
2023-01-17 12:55:12:5512 [32minfo[39m: [32mdatabase connected successfuly[39m
2023-01-17 12:55:12:5512 [32minfo[39m: [32mtable sync successful[39m
2023-01-17 12:55:32:5532 [32minfo[39m: [32mdatabase connected successfuly[39m
2023-01-17 12:55:32:5532 [32minfo[39m: [32mtable sync successful[39m
2023-01-17 12:55:36:5536 [32minfo[39m: [32mdatabase connected successfuly[39m
2023-01-17 12:55:36:5536 [32minfo[39m: [32mtable sync successful[39m
2023-01-17 12:55:42:5542 [32minfo[39m: [32mdatabase connected successfuly[39m
2023-01-17 12:55:42:5542 [32minfo[39m: [32mtable sync successful[39m
2023-01-17 12:56:01:561 [32minfo[39m: [32mdatabase connected successfuly[39m
2023-01-17 12:56:01:561 [32minfo[39m: [32mtable sync successful[39m
2023-01-17 12:56:05:565 [32minfo[39m: [32mdatabase connected successfuly[39m
2023-01-17 12:56:05:565 [32minfo[39m: [32mtable sync successful[39m
2023-01-17 12:56:06:566 [32minfo[39m: [32mdatabase connected successfuly[39m
2023-01-17 12:56:06:566 [32minfo[39m: [32mtable sync successful[39m
2023-01-17 12:56:50:5650 [32minfo[39m: [32mdatabase connected successfuly[39m
2023-01-17 12:56:50:5650 [32minfo[39m: [32mtable sync successful[39m
2023-01-17 12:56:51:5651 [32minfo[39m: [32mdatabase connected successfuly[39m
2023-01-17 12:56:51:5651 [32minfo[39m: [32mtable sync successful[39m
2023-01-17 12:56:55:5655 [32minfo[39m: [32mdatabase connected successfuly[39m
2023-01-17 12:56:55:5655 [32minfo[39m: [32mtable sync successful[39m
2023-01-17 12:56:57:5657 [32minfo[39m: [32mdatabase connected successfuly[39m
2023-01-17 12:56:57:5657 [32minfo[39m: [32mtable sync successful[39m
2023-01-17 12:57:04:574 [32minfo[39m: [32mdatabase connected successfuly[39m
2023-01-17 12:57:04:574 [32minfo[39m: [32mtable sync successful[39m
2023-01-17 12:57:07:577 [32minfo[39m: [32mdatabase connected successfuly[39m
2023-01-17 12:57:07:577 [32minfo[39m: [32mtable sync successful[39m
2023-01-17 12:57:19:5719 [32minfo[39m: [32mdatabase connected successfuly[39m
2023-01-17 12:57:19:5719 [32minfo[39m: [32mtable sync successful[39m
2023-01-17 12:57:23:5723 [32minfo[39m: [32mdatabase connected successfuly[39m
2023-01-17 12:57:23:5723 [32minfo[39m: [32mtable sync successful[39m
2023-01-17 12:57:29:5729 [32minfo[39m: [32mdatabase connected successfuly[39m
2023-01-17 12:57:29:5729 [32minfo[39m: [32mtable sync successful[39m
2023-01-21 09:23:36:2336 [32minfo[39m: [32mdatabase connected successfuly[39m
2023-01-21 09:23:48:2348 [32minfo[39m: [32mtable sync successful[39m
2023-01-21 09:24:49:2449 [32minfo[39m: [32mdatabase connected successfuly[39m
2023-01-21 09:24:49:2449 [32minfo[39m: [32mtable sync successful[39m
2023-01-21 09:28:29:2829 [32minfo[39m: [32mdatabase connected successfuly[39m
2023-01-21 09:28:30:2830 [32minfo[39m: [32mtable sync successful[39m
2023-01-21 09:29:31:2931 [32minfo[39m: [32mdatabase connected successfuly[39m
2023-01-21 09:29:31:2931 [32minfo[39m: [32mtable sync successful[39m
2023-01-21 09:30:04:304 [32minfo[39m: [32mdatabase connected successfuly[39m
2023-01-21 09:30:04:304 [32minfo[39m: [32mtable sync successful[39m
2023-01-21 09:31:17:3117 [32minfo[39m: [32mdatabase connected successfuly[39m
2023-01-21 09:31:17:3117 [32minfo[39m: [32mtable sync successful[39m
2023-01-21 09:31:42:3142 [32minfo[39m: [32mdatabase connected successfuly[39m
2023-01-21 09:31:44:3144 [32minfo[39m: [32mtable sync successful[39m
2023-01-21 09:32:14:3214 [32minfo[39m: [32mdatabase connected successfuly[39m
2023-01-21 09:32:15:3215 [32minfo[39m: [32mtable sync successful[39m
2023-01-21 09:32:34:3234 [32minfo[39m: [32mdatabase connected successfuly[39m
2023-01-21 09:32:36:3236 [32minfo[39m: [32mtable sync successful[39m
2023-01-21 09:32:44:3244 [32minfo[39m: [32mdatabase connected successfuly[39m
2023-01-21 09:32:46:3246 [32minfo[39m: [32mtable sync successful[39m
2023-01-21 09:32:54:3254 [32minfo[39m: [32mdatabase connected successfuly[39m
2023-01-21 09:32:56:3256 [32minfo[39m: [32mtable sync successful[39m
2023-01-21 09:33:03:333 [32minfo[39m: [32mdatabase connected successfuly[39m
2023-01-21 09:33:05:335 [32minfo[39m: [32mtable sync successful[39m
2023-01-21 09:33:11:3311 [32minfo[39m: [32mdatabase connected successfuly[39m
2023-01-21 09:33:13:3313 [32minfo[39m: [32mtable sync successful[39m
2023-01-21 09:33:17:3317 [32minfo[39m: [32mdatabase connected successfuly[39m
2023-01-21 09:33:19:3319 [32minfo[39m: [32mtable sync successful[39m
2023-01-21 09:33:33:3333 [32minfo[39m: [32mdatabase connected successfuly[39m
2023-01-21 09:33:35:3335 [32minfo[39m: [32mtable sync successful[39m
2023-01-21 09:33:57:3357 [32minfo[39m: [32mdatabase connected successfuly[39m
2023-01-21 09:33:58:3358 [32minfo[39m: [32mtable sync successful[39m
2023-01-21 09:34:24:3424 [32minfo[39m: [32mdatabase connected successfuly[39m
2023-01-21 09:34:27:3427 [32minfo[39m: [32mtable sync successful[39m
2023-01-21 09:34:30:3430 [32minfo[39m: [32mdatabase connected successfuly[39m
2023-01-21 09:34:32:3432 [32minfo[39m: [32mtable sync successful[39m
2023-01-21 09:34:35:3435 [32minfo[39m: [32mdatabase connected successfuly[39m
2023-01-21 09:34:37:3437 [32minfo[39m: [32mdatabase connected successfuly[39m
2023-01-21 09:34:40:3440 [32minfo[39m: [32mdatabase connected successfuly[39m
2023-01-21 09:34:54:3454 [32minfo[39m: [32mdatabase connected successfuly[39m
2023-01-21 09:34:55:3455 [32minfo[39m: [32mtable sync successful[39m
2023-01-21 09:34:57:3457 [32minfo[39m: [32mdatabase connected successfuly[39m
2023-01-21 09:35:00:350 [32minfo[39m: [32mtable sync successful[39m
2023-01-21 09:35:04:354 [32minfo[39m: [32mdatabase connected successfuly[39m
2023-01-21 09:35:07:357 [31merror[39m: [31mYou have an error in your SQL syntax; check the manual that corresponds to your MySQL server version for the right syntax to use near 'comments, `createdAt` DATETIME NOT NULL, `updatedAt` DATETIME NOT NULL, PRIMARY ' at line 1[39m
2023-01-21 09:35:13:3513 [32minfo[39m: [32mdatabase connected successfuly[39m
2023-01-21 09:35:13:3513 [31merror[39m: [31mYou have an error in your SQL syntax; check the manual that corresponds to your MySQL server version for the right syntax to use near 'comments, `createdAt` DATETIME NOT NULL, `updatedAt` DATETIME NOT NULL, PRIMARY ' at line 1[39m
2023-01-21 09:35:16:3516 [32minfo[39m: [32mdatabase connected successfuly[39m
2023-01-21 09:35:16:3516 [31merror[39m: [31mYou have an error in your SQL syntax; check the manual that corresponds to your MySQL server version for the right syntax to use near 'comments, `createdAt` DATETIME NOT NULL, `updatedAt` DATETIME NOT NULL, PRIMARY ' at line 1[39m
2023-01-21 09:35:20:3520 [32minfo[39m: [32mdatabase connected successfuly[39m
2023-01-21 09:35:21:3521 [31merror[39m: [31mYou have an error in your SQL syntax; check the manual that corresponds to your MySQL server version for the right syntax to use near 'comments, `createdAt` DATETIME NOT NULL, `updatedAt` DATETIME NOT NULL, PRIMARY ' at line 1[39m
2023-01-21 09:35:25:3525 [32minfo[39m: [32mdatabase connected successfuly[39m
2023-01-21 09:35:26:3526 [31merror[39m: [31mYou have an error in your SQL syntax; check the manual that corresponds to your MySQL server version for the right syntax to use near 'comments, `createdAt` DATETIME NOT NULL, `updatedAt` DATETIME NOT NULL, PRIMARY ' at line 1[39m
2023-01-21 09:35:37:3537 [32minfo[39m: [32mdatabase connected successfuly[39m
2023-01-21 09:35:38:3538 [31merror[39m: [31mYou have an error in your SQL syntax; check the manual that corresponds to your MySQL server version for the right syntax to use near 'comments, `createdAt` DATETIME NOT NULL, `updatedAt` DATETIME NOT NULL, PRIMARY ' at line 1[39m
2023-01-21 09:35:46:3546 [32minfo[39m: [32mdatabase connected successfuly[39m
2023-01-21 09:35:47:3547 [31merror[39m: [31mYou have an error in your SQL syntax; check the manual that corresponds to your MySQL server version for the right syntax to use near 'comments, `createdAt` DATETIME NOT NULL, `updatedAt` DATETIME NOT NULL, PRIMARY ' at line 1[39m
2023-01-21 09:35:53:3553 [32minfo[39m: [32mdatabase connected successfuly[39m
2023-01-21 09:35:55:3555 [31merror[39m: [31mYou have an error in your SQL syntax; check the manual that corresponds to your MySQL server version for the right syntax to use near 'comments, `createdAt` DATETIME NOT NULL, `updatedAt` DATETIME NOT NULL, PRIMARY ' at line 1[39m
2023-01-21 09:36:05:365 [32minfo[39m: [32mdatabase connected successfuly[39m
2023-01-21 09:36:06:366 [31merror[39m: [31mYou have an error in your SQL syntax; check the manual that corresponds to your MySQL server version for the right syntax to use near 'comments, `createdAt` DATETIME NOT NULL, `updatedAt` DATETIME NOT NULL, PRIMARY ' at line 1[39m
2023-01-21 09:36:08:368 [32minfo[39m: [32mdatabase connected successfuly[39m
2023-01-21 09:36:10:3610 [31merror[39m: [31mYou have an error in your SQL syntax; check the manual that corresponds to your MySQL server version for the right syntax to use near 'comments, `createdAt` DATETIME NOT NULL, `updatedAt` DATETIME NOT NULL, PRIMARY ' at line 1[39m
2023-01-21 09:36:16:3616 [32minfo[39m: [32mdatabase connected successfuly[39m
2023-01-21 09:36:18:3618 [31merror[39m: [31mYou have an error in your SQL syntax; check the manual that corresponds to your MySQL server version for the right syntax to use near 'comments, `createdAt` DATETIME NOT NULL, `updatedAt` DATETIME NOT NULL, PRIMARY ' at line 1[39m
2023-01-21 09:36:42:3642 [32minfo[39m: [32mdatabase connected successfuly[39m
2023-01-21 09:36:44:3644 [31merror[39m: [31mYou have an error in your SQL syntax; check the manual that corresponds to your MySQL server version for the right syntax to use near 'comments, `createdAt` DATETIME NOT NULL, `updatedAt` DATETIME NOT NULL, PRIMARY ' at line 1[39m
2023-01-21 09:38:45:3845 [32minfo[39m: [32mdatabase connected successfuly[39m
2023-01-21 09:38:46:3846 [32minfo[39m: [32mtable sync successful[39m
2023-01-21 09:39:31:3931 [32minfo[39m: [32mdatabase connected successfuly[39m
2023-01-21 09:39:34:3934 [32minfo[39m: [32mtable sync successful[39m
2023-01-21 09:39:36:3936 [32minfo[39m: [32mdatabase connected successfuly[39m
2023-01-21 09:39:40:3940 [32minfo[39m: [32mdatabase connected successfuly[39m
2023-01-21 09:39:41:3941 [32minfo[39m: [32mtable sync successful[39m
2023-01-21 09:39:45:3945 [32minfo[39m: [32mdatabase connected successfuly[39m
2023-01-21 09:39:45:3945 [32minfo[39m: [32mtable sync successful[39m
2023-01-21 09:39:50:3950 [32minfo[39m: [32mdatabase connected successfuly[39m
2023-01-21 09:39:51:3951 [32minfo[39m: [32mtable sync successful[39m
2023-01-21 09:39:54:3954 [32minfo[39m: [32mdatabase connected successfuly[39m
2023-01-21 09:39:56:3956 [32minfo[39m: [32mdatabase connected successfuly[39m
2023-01-21 09:39:57:3957 [32minfo[39m: [32mtable sync successful[39m
2023-01-21 09:40:36:4036 [32minfo[39m: [32mdatabase connected successfuly[39m
2023-01-21 09:40:38:4038 [32minfo[39m: [32mtable sync successful[39m
2023-01-21 09:40:51:4051 [32minfo[39m: [32mdatabase connected successfuly[39m
2023-01-21 09:40:54:4054 [32minfo[39m: [32mtable sync successful[39m
2023-01-21 09:41:33:4133 [32minfo[39m: [32mdatabase connected successfuly[39m
2023-01-21 09:41:35:4135 [32minfo[39m: [32mtable sync successful[39m
2023-01-21 09:41:38:4138 [32minfo[39m: [32mdatabase connected successfuly[39m
2023-01-21 09:41:39:4139 [32minfo[39m: [32mtable sync successful[39m
2023-01-21 09:41:43:4143 [32minfo[39m: [32mdatabase connected successfuly[39m
2023-01-21 09:41:45:4145 [32minfo[39m: [32mtable sync successful[39m
2023-01-21 09:41:50:4150 [32minfo[39m: [32mdatabase connected successfuly[39m
2023-01-21 09:41:51:4151 [32minfo[39m: [32mtable sync successful[39m
2023-01-21 09:41:53:4153 [32minfo[39m: [32mdatabase connected successfuly[39m
2023-01-21 09:41:55:4155 [32minfo[39m: [32mdatabase connected successfuly[39m
2023-01-21 09:41:57:4157 [32minfo[39m: [32mtable sync successful[39m
2023-01-21 09:42:00:420 [32minfo[39m: [32mdatabase connected successfuly[39m
2023-01-21 09:42:03:423 [32minfo[39m: [32mtable sync successful[39m
2023-01-21 09:42:18:4218 [32minfo[39m: [32mdatabase connected successfuly[39m
2023-01-21 09:42:25:4225 [32minfo[39m: [32mdatabase connected successfuly[39m
2023-01-21 09:42:27:4227 [32minfo[39m: [32mtable sync successful[39m
2023-01-21 09:42:34:4234 [32minfo[39m: [32mdatabase connected successfuly[39m
2023-01-21 09:42:36:4236 [32minfo[39m: [32mtable sync successful[39m
2023-01-21 09:42:40:4240 [32minfo[39m: [32mdatabase connected successfuly[39m
2023-01-21 09:42:42:4242 [32minfo[39m: [32mtable sync successful[39m
2023-01-21 09:42:59:4259 [32minfo[39m: [32mdatabase connected successfuly[39m
2023-01-21 09:43:03:433 [32minfo[39m: [32mdatabase connected successfuly[39m
2023-01-21 09:43:17:4317 [32minfo[39m: [32mdatabase connected successfuly[39m
2023-01-21 09:43:19:4319 [32minfo[39m: [32mtable sync successful[39m
2023-01-21 09:46:01:461 [32minfo[39m: [32mdatabase connected successfuly[39m
2023-01-21 09:46:02:462 [32minfo[39m: [32mtable sync successful[39m
2023-01-21 09:46:08:468 [32minfo[39m: [32mdatabase connected successfuly[39m
2023-01-21 09:46:12:4612 [32minfo[39m: [32mdatabase connected successfuly[39m
2023-01-21 09:46:14:4614 [32minfo[39m: [32mtable sync successful[39m
2023-01-21 09:46:32:4632 [32minfo[39m: [32mdatabase connected successfuly[39m
2023-01-21 09:46:34:4634 [32minfo[39m: [32mtable sync successful[39m
2023-01-21 09:51:59:5159 [32minfo[39m: [32mdatabase connected successfuly[39m
2023-01-21 09:52:01:521 [32minfo[39m: [32mtable sync successful[39m
2023-01-21 09:52:55:5255 [32minfo[39m: [32mdatabase connected successfuly[39m
2023-01-21 09:52:56:5256 [32minfo[39m: [32mtable sync successful[39m
2023-01-21 09:52:58:5258 [32minfo[39m: [32mdatabase connected successfuly[39m
2023-01-21 09:53:01:531 [32minfo[39m: [32mtable sync successful[39m
2023-01-21 09:55:52:5552 [32minfo[39m: [32mdatabase connected successfuly[39m
2023-01-21 09:55:57:5557 [32minfo[39m: [32mdatabase connected successfuly[39m
2023-01-21 09:55:59:5559 [32minfo[39m: [32mtable sync successful[39m
2023-01-21 09:56:10:5610 [32minfo[39m: [32mdatabase connected successfuly[39m
2023-01-21 09:56:13:5613 [32minfo[39m: [32mdatabase connected successfuly[39m
2023-01-21 09:56:19:5619 [32minfo[39m: [32mdatabase connected successfuly[39m
2023-01-21 09:56:20:5620 [32minfo[39m: [32mtable sync successful[39m
2023-01-21 10:02:26:226 [32minfo[39m: [32mdatabase connected successfuly[39m
2023-01-21 10:02:29:229 [32minfo[39m: [32mtable sync successful[39m
2023-01-21 10:03:46:346 [32minfo[39m: [32mdatabase connected successfuly[39m
2023-01-21 10:03:48:348 [32minfo[39m: [32mtable sync successful[39m
2023-01-21 10:03:51:351 [32minfo[39m: [32mdatabase connected successfuly[39m
2023-01-21 10:03:53:353 [32minfo[39m: [32mdatabase connected successfuly[39m
2023-01-21 10:03:55:355 [32minfo[39m: [32mtable sync successful[39m
2023-01-21 10:03:58:358 [32minfo[39m: [32mdatabase connected successfuly[39m
2023-01-21 10:03:59:359 [32minfo[39m: [32mtable sync successful[39m
2023-01-21 10:04:01:41 [32minfo[39m: [32mdatabase connected successfuly[39m
2023-01-21 10:04:04:44 [32minfo[39m: [32mtable sync successful[39m
2023-01-21 10:06:10:610 [32minfo[39m: [32mdatabase connected successfuly[39m
2023-01-21 10:06:12:612 [32minfo[39m: [32mtable sync successful[39m
2023-01-21 10:06:28:628 [32minfo[39m: [32mdatabase connected successfuly[39m
2023-01-21 10:06:30:630 [32minfo[39m: [32mtable sync successful[39m
2023-01-21 10:06:39:639 [32minfo[39m: [32mdatabase connected successfuly[39m
2023-01-21 10:06:42:642 [32minfo[39m: [32mtable sync successful[39m
2023-01-21 10:07:31:731 [32minfo[39m: [32mdatabase connected successfuly[39m
2023-01-21 10:07:34:734 [32minfo[39m: [32mtable sync successful[39m
2023-01-21 10:08:26:826 [32minfo[39m: [32mdatabase connected successfuly[39m
2023-01-21 10:08:29:829 [32minfo[39m: [32mtable sync successful[39m
2023-01-21 10:08:33:833 [32minfo[39m: [32mdatabase connected successfuly[39m
2023-01-21 10:08:35:835 [32minfo[39m: [32mdatabase connected successfuly[39m
2023-01-21 10:08:37:837 [32minfo[39m: [32mdatabase connected successfuly[39m
2023-01-21 10:08:39:839 [32minfo[39m: [32mtable sync successful[39m
2023-01-21 10:08:43:843 [32minfo[39m: [32mdatabase connected successfuly[39m
2023-01-21 10:08:45:845 [32minfo[39m: [32mtable sync successful[39m
2023-01-21 10:08:48:848 [32minfo[39m: [32mdatabase connected successfuly[39m
2023-01-21 10:08:51:851 [32minfo[39m: [32mtable sync successful[39m
2023-01-21 10:09:52:952 [32minfo[39m: [32mdatabase connected successfuly[39m
2023-01-21 10:09:54:954 [32minfo[39m: [32mtable sync successful[39m
2023-01-21 10:09:59:959 [32minfo[39m: [32mdatabase connected successfuly[39m
2023-01-21 10:10:01:101 [32minfo[39m: [32mtable sync successful[39m
2023-01-21 10:10:05:105 [32minfo[39m: [32mdatabase connected successfuly[39m
2023-01-21 10:10:07:107 [32minfo[39m: [32mtable sync successful[39m
2023-01-21 10:10:18:1018 [32minfo[39m: [32mdatabase connected successfuly[39m
2023-01-21 10:10:20:1020 [32minfo[39m: [32mtable sync successful[39m
2023-01-21 10:10:25:1025 [32minfo[39m: [32mdatabase connected successfuly[39m
2023-01-21 10:10:27:1027 [32minfo[39m: [32mtable sync successful[39m
2023-01-21 10:10:30:1030 [32minfo[39m: [32mdatabase connected successfuly[39m
2023-01-21 10:10:32:1032 [32minfo[39m: [32mdatabase connected successfuly[39m
2023-01-21 10:10:36:1036 [32minfo[39m: [32mdatabase connected successfuly[39m
2023-01-21 10:10:38:1038 [32minfo[39m: [32mtable sync successful[39m
2023-01-21 10:10:43:1043 [32minfo[39m: [32mdatabase connected successfuly[39m
2023-01-21 10:10:49:1049 [32minfo[39m: [32mdatabase connected successfuly[39m
2023-01-21 10:10:50:1050 [32minfo[39m: [32mtable sync successful[39m
2023-01-21 10:11:01:111 [32minfo[39m: [32mdatabase connected successfuly[39m
2023-01-21 10:11:04:114 [32minfo[39m: [32mtable sync successful[39m
2023-01-21 10:11:23:1123 [32minfo[39m: [32mdatabase connected successfuly[39m
2023-01-21 10:11:25:1125 [32minfo[39m: [32mtable sync successful[39m
2023-01-21 10:11:29:1129 [32minfo[39m: [32mdatabase connected successfuly[39m
2023-01-21 10:11:31:1131 [32minfo[39m: [32mtable sync successful[39m
2023-01-21 10:12:51:1251 [32minfo[39m: [32mdatabase connected successfuly[39m
2023-01-21 10:12:54:1254 [32minfo[39m: [32mtable sync successful[39m
2023-01-21 10:12:58:1258 [32minfo[39m: [32mdatabase connected successfuly[39m
2023-01-21 10:12:59:1259 [32minfo[39m: [32mtable sync successful[39m
2023-01-21 10:13:05:135 [32minfo[39m: [32mdatabase connected successfuly[39m
2023-01-21 10:13:08:138 [32minfo[39m: [32mtable sync successful[39m
2023-01-21 10:13:41:1341 [32minfo[39m: [32mdatabase connected successfuly[39m
2023-01-21 10:13:44:1344 [32minfo[39m: [32mtable sync successful[39m
2023-01-21 10:13:52:1352 [32minfo[39m: [32mdatabase connected successfuly[39m
2023-01-21 10:13:55:1355 [32minfo[39m: [32mtable sync successful[39m
2023-01-21 10:14:15:1415 [32minfo[39m: [32mdatabase connected successfuly[39m
2023-01-21 10:14:17:1417 [32minfo[39m: [32mtable sync successful[39m
2023-01-21 10:14:23:1423 [32minfo[39m: [32mdatabase connected successfuly[39m
2023-01-21 10:14:25:1425 [32minfo[39m: [32mtable sync successful[39m
2023-01-21 10:14:29:1429 [32minfo[39m: [32mdatabase connected successfuly[39m
2023-01-21 10:14:32:1432 [32minfo[39m: [32mdatabase connected successfuly[39m
2023-01-21 10:14:34:1434 [32minfo[39m: [32mtable sync successful[39m
2023-01-21 10:15:06:156 [32minfo[39m: [32mdatabase connected successfuly[39m
2023-01-21 10:15:10:1510 [32minfo[39m: [32mdatabase connected successfuly[39m
2023-01-21 10:15:13:1513 [32minfo[39m: [32mtable sync successful[39m
2023-01-21 10:15:18:1518 [32minfo[39m: [32mdatabase connected successfuly[39m
2023-01-21 10:15:21:1521 [32minfo[39m: [32mdatabase connected successfuly[39m
2023-01-21 10:15:22:1522 [32minfo[39m: [32mtable sync successful[39m
2023-01-21 10:15:26:1526 [32minfo[39m: [32mdatabase connected successfuly[39m
2023-01-21 10:15:27:1527 [32minfo[39m: [32mtable sync successful[39m
2023-01-21 10:15:31:1531 [32minfo[39m: [32mdatabase connected successfuly[39m
2023-01-21 10:15:33:1533 [32minfo[39m: [32mtable sync successful[39m
2023-01-21 10:15:46:1546 [32minfo[39m: [32mdatabase connected successfuly[39m
2023-01-21 10:15:47:1547 [32minfo[39m: [32mtable sync successful[39m
2023-01-21 10:15:56:1556 [32minfo[39m: [32mdatabase connected successfuly[39m
2023-01-21 10:15:59:1559 [32minfo[39m: [32mdatabase connected successfuly[39m
2023-01-21 10:16:01:161 [32minfo[39m: [32mtable sync successful[39m
2023-01-21 10:16:05:165 [32minfo[39m: [32mdatabase connected successfuly[39m
2023-01-21 10:16:07:167 [32minfo[39m: [32mtable sync successful[39m
2023-01-21 10:16:10:1610 [32minfo[39m: [32mdatabase connected successfuly[39m
2023-01-21 10:16:13:1613 [32minfo[39m: [32mdatabase connected successfuly[39m
2023-01-21 10:16:14:1614 [32minfo[39m: [32mtable sync successful[39m
2023-01-21 10:16:19:1619 [32minfo[39m: [32mdatabase connected successfuly[39m
2023-01-21 10:16:23:1623 [32minfo[39m: [32mdatabase connected successfuly[39m
2023-01-21 10:16:25:1625 [32minfo[39m: [32mtable sync successful[39m
2023-01-21 10:16:33:1633 [32minfo[39m: [32mdatabase connected successfuly[39m
2023-01-21 10:16:35:1635 [32minfo[39m: [32mdatabase connected successfuly[39m
2023-01-21 10:16:37:1637 [32minfo[39m: [32mtable sync successful[39m
2023-01-21 10:16:40:1640 [32minfo[39m: [32mdatabase connected successfuly[39m
2023-01-21 10:16:44:1644 [32minfo[39m: [32mdatabase connected successfuly[39m
2023-01-21 10:16:48:1648 [32minfo[39m: [32mdatabase connected successfuly[39m
2023-01-21 10:16:50:1650 [32minfo[39m: [32mtable sync successful[39m
2023-01-21 10:17:08:178 [32minfo[39m: [32mdatabase connected successfuly[39m
2023-01-21 10:17:13:1713 [32minfo[39m: [32mdatabase connected successfuly[39m
2023-01-21 10:17:15:1715 [32minfo[39m: [32mtable sync successful[39m
2023-01-21 10:32:17:3217 [32minfo[39m: [32mdatabase connected successfuly[39m
2023-01-21 10:32:20:3220 [32minfo[39m: [32mtable sync successful[39m
2023-01-21 10:42:43:4243 [32minfo[39m: [32mdatabase connected successfuly[39m
2023-01-21 10:42:46:4246 [32minfo[39m: [32mtable sync successful[39m
2023-01-21 10:43:49:4349 [32minfo[39m: [32mdatabase connected successfuly[39m
2023-01-21 10:43:52:4352 [32minfo[39m: [32mtable sync successful[39m
2023-01-21 10:44:20:4420 [32minfo[39m: [32mdatabase connected successfuly[39m
2023-01-21 10:44:22:4422 [32minfo[39m: [32mtable sync successful[39m
2023-01-21 10:48:42:4842 [32minfo[39m: [32mdatabase connected successfuly[39m
2023-01-21 10:48:46:4846 [32minfo[39m: [32mtable sync successful[39m
2023-01-21 10:48:56:4856 [32minfo[39m: [32mdatabase connected successfuly[39m
2023-01-21 10:48:59:4859 [32minfo[39m: [32mdatabase connected successfuly[39m
2023-01-21 10:49:00:490 [32minfo[39m: [32mtable sync successful[39m
2023-01-21 10:49:05:495 [32minfo[39m: [32mdatabase connected successfuly[39m
2023-01-21 10:49:13:4913 [32minfo[39m: [32mdatabase connected successfuly[39m
2023-01-21 10:49:14:4914 [32minfo[39m: [32mtable sync successful[39m
2023-01-21 10:49:22:4922 [32minfo[39m: [32mdatabase connected successfuly[39m
2023-01-21 10:49:26:4926 [32minfo[39m: [32mdatabase connected successfuly[39m
2023-01-21 10:49:31:4931 [32minfo[39m: [32mdatabase connected successfuly[39m
2023-01-21 10:49:33:4933 [32minfo[39m: [32mtable sync successful[39m
2023-01-21 10:49:35:4935 [32minfo[39m: [32mdatabase connected successfuly[39m
2023-01-21 10:49:37:4937 [32minfo[39m: [32mdatabase connected successfuly[39m
2023-01-21 10:49:39:4939 [32minfo[39m: [32mtable sync successful[39m
2023-01-21 10:49:45:4945 [32minfo[39m: [32mdatabase connected successfuly[39m
2023-01-21 10:49:47:4947 [32minfo[39m: [32mtable sync successful[39m
2023-01-21 10:49:51:4951 [32minfo[39m: [32mdatabase connected successfuly[39m
2023-01-21 10:49:53:4953 [32minfo[39m: [32mdatabase connected successfuly[39m
2023-01-21 10:49:56:4956 [32minfo[39m: [32mdatabase connected successfuly[39m
2023-01-21 10:49:59:4959 [32minfo[39m: [32mtable sync successful[39m
2023-01-21 10:50:09:509 [32minfo[39m: [32mdatabase connected successfuly[39m
2023-01-21 10:50:27:5027 [32minfo[39m: [32mdatabase connected successfuly[39m
2023-01-21 10:50:29:5029 [32minfo[39m: [32mdatabase connected successfuly[39m
2023-01-21 10:50:30:5030 [32minfo[39m: [32mtable sync successful[39m
2023-01-21 10:50:36:5036 [32minfo[39m: [32mdatabase connected successfuly[39m
2023-01-21 10:50:38:5038 [32minfo[39m: [32mtable sync successful[39m
2023-01-21 10:50:41:5041 [32minfo[39m: [32mdatabase connected successfuly[39m
2023-01-21 10:50:47:5047 [32minfo[39m: [32mdatabase connected successfuly[39m
2023-01-21 10:50:49:5049 [32minfo[39m: [32mdatabase connected successfuly[39m
2023-01-21 10:50:50:5050 [32minfo[39m: [32mtable sync successful[39m
2023-01-21 10:51:00:510 [32minfo[39m: [32mdatabase connected successfuly[39m
2023-01-21 10:51:04:514 [32minfo[39m: [32mdatabase connected successfuly[39m
2023-01-21 10:51:08:518 [32minfo[39m: [32mtable sync successful[39m
2023-01-21 10:51:22:5122 [32minfo[39m: [32mdatabase connected successfuly[39m
2023-01-21 10:51:25:5125 [32minfo[39m: [32mtable sync successful[39m
2023-01-21 10:51:28:5128 [32minfo[39m: [32mdatabase connected successfuly[39m
2023-01-21 10:51:33:5133 [32minfo[39m: [32mdatabase connected successfuly[39m
2023-01-21 10:51:35:5135 [32minfo[39m: [32mtable sync successful[39m
2023-01-21 10:51:40:5140 [32minfo[39m: [32mdatabase connected successfuly[39m
2023-01-21 10:51:43:5143 [32minfo[39m: [32mtable sync successful[39m
2023-01-21 10:51:47:5147 [32minfo[39m: [32mdatabase connected successfuly[39m
2023-01-21 10:51:50:5150 [32minfo[39m: [32mtable sync successful[39m
2023-01-21 10:52:52:5252 [32minfo[39m: [32mdatabase connected successfuly[39m
2023-01-21 10:52:56:5256 [32minfo[39m: [32mtable sync successful[39m
2023-01-21 10:52:58:5258 [32minfo[39m: [32mdatabase connected successfuly[39m
2023-01-21 10:53:04:534 [32minfo[39m: [32mdatabase connected successfuly[39m
2023-01-21 10:53:12:5312 [32minfo[39m: [32mdatabase connected successfuly[39m
2023-01-21 10:53:14:5314 [32minfo[39m: [32mtable sync successful[39m
2023-01-21 10:55:18:5518 [32minfo[39m: [32mdatabase connected successfuly[39m
2023-01-21 10:55:21:5521 [32minfo[39m: [32mdatabase connected successfuly[39m
2023-01-21 10:55:23:5523 [32minfo[39m: [32mtable sync successful[39m
2023-01-21 10:55:27:5527 [32minfo[39m: [32mdatabase connected successfuly[39m
2023-01-21 10:59:55:5955 [32minfo[39m: [32mdatabase connected successfuly[39m
2023-01-21 10:59:58:5958 [32minfo[39m: [32mtable sync successful[39m
2023-01-21 11:09:31:931 [32minfo[39m: [32mdatabase connected successfuly[39m
2023-01-21 11:09:33:933 [32minfo[39m: [32mdatabase connected successfuly[39m
2023-01-21 11:09:37:937 [32minfo[39m: [32mtable sync successful[39m
2023-01-21 11:10:16:1016 [32minfo[39m: [32mdatabase connected successfuly[39m
2023-01-21 11:10:20:1020 [32minfo[39m: [32mdatabase connected successfuly[39m
2023-01-21 11:10:24:1024 [32minfo[39m: [32mdatabase connected successfuly[39m
2023-01-21 11:10:30:1030 [32minfo[39m: [32mdatabase connected successfuly[39m
2023-01-21 11:10:33:1033 [32minfo[39m: [32mdatabase connected successfuly[39m
2023-01-21 11:10:35:1035 [32minfo[39m: [32mtable sync successful[39m
2023-01-21 11:10:55:1055 [32minfo[39m: [32mdatabase connected successfuly[39m
2023-01-21 11:11:00:110 [32minfo[39m: [32mdatabase connected successfuly[39m
2023-01-21 11:11:04:114 [32minfo[39m: [32mtable sync successful[39m
2023-01-21 11:11:08:118 [32minfo[39m: [32mdatabase connected successfuly[39m
2023-01-21 11:11:13:1113 [32minfo[39m: [32mdatabase connected successfuly[39m
2023-01-21 11:11:17:1117 [32minfo[39m: [32mtable sync successful[39m
2023-01-21 11:11:48:1148 [32minfo[39m: [32mdatabase connected successfuly[39m
2023-01-21 11:11:57:1157 [32minfo[39m: [32mdatabase connected successfuly[39m
2023-01-21 11:12:01:121 [32minfo[39m: [32mtable sync successful[39m
2023-01-21 11:12:03:123 [32minfo[39m: [32mdatabase connected successfuly[39m
2023-01-21 11:12:06:126 [32minfo[39m: [32mdatabase connected successfuly[39m
2023-01-21 11:12:08:128 [32minfo[39m: [32mtable sync successful[39m
2023-01-21 11:12:12:1212 [32minfo[39m: [32mdatabase connected successfuly[39m
2023-01-21 11:12:14:1214 [32minfo[39m: [32mdatabase connected successfuly[39m
2023-01-21 11:12:18:1218 [32minfo[39m: [32mdatabase connected successfuly[39m
2023-01-21 11:12:25:1225 [32minfo[39m: [32mdatabase connected successfuly[39m
2023-01-21 11:12:29:1229 [32minfo[39m: [32mdatabase connected successfuly[39m
2023-01-21 11:12:32:1232 [32minfo[39m: [32mdatabase connected successfuly[39m
2023-01-21 11:12:36:1236 [32minfo[39m: [32mdatabase connected successfuly[39m
2023-01-21 11:12:40:1240 [32minfo[39m: [32mtable sync successful[39m
2023-01-21 11:12:49:1249 [32minfo[39m: [32mdatabase connected successfuly[39m
2023-01-21 11:12:53:1253 [32minfo[39m: [32mtable sync successful[39m
2023-01-21 11:12:59:1259 [32minfo[39m: [32mdatabase connected successfuly[39m
2023-01-21 11:13:05:135 [32minfo[39m: [32mdatabase connected successfuly[39m
2023-01-21 11:13:09:139 [32minfo[39m: [32mtable sync successful[39m
2023-01-21 11:13:12:1312 [32minfo[39m: [32mdatabase connected successfuly[39m
2023-01-21 11:13:14:1314 [32minfo[39m: [32mdatabase connected successfuly[39m
2023-01-21 11:13:22:1322 [32minfo[39m: [32mdatabase connected successfuly[39m
2023-01-21 11:13:25:1325 [32minfo[39m: [32mtable sync successful[39m
2023-01-21 11:13:31:1331 [32minfo[39m: [32mdatabase connected successfuly[39m
2023-01-21 11:13:34:1334 [32minfo[39m: [32mdatabase connected successfuly[39m
2023-01-21 11:13:36:1336 [32minfo[39m: [32mtable sync successful[39m
2023-01-21 11:13:39:1339 [32minfo[39m: [32mdatabase connected successfuly[39m
2023-01-21 11:13:45:1345 [32minfo[39m: [32mdatabase connected successfuly[39m
2023-01-21 11:13:47:1347 [32minfo[39m: [32mdatabase connected successfuly[39m
2023-01-21 11:13:53:1353 [32minfo[39m: [32mdatabase connected successfuly[39m
2023-01-21 11:13:57:1357 [32minfo[39m: [32mdatabase connected successfuly[39m
2023-01-21 11:14:03:143 [32minfo[39m: [32mtable sync successful[39m
2023-01-21 11:14:06:146 [32minfo[39m: [32mdatabase connected successfuly[39m
2023-01-21 11:14:11:1411 [32minfo[39m: [32mtable sync successful[39m
2023-01-21 11:14:22:1422 [32minfo[39m: [32mdatabase connected successfuly[39m
2023-01-21 11:14:25:1425 [32minfo[39m: [32mtable sync successful[39m
2023-01-21 11:14:29:1429 [32minfo[39m: [32mdatabase connected successfuly[39m
2023-01-21 11:14:33:1433 [32minfo[39m: [32mdatabase connected successfuly[39m
2023-01-21 11:14:35:1435 [32minfo[39m: [32mtable sync successful[39m
2023-01-21 11:20:39:2039 [32minfo[39m: [32mdatabase connected successfuly[39m
2023-01-21 11:20:42:2042 [32minfo[39m: [32mdatabase connected successfuly[39m
2023-01-21 11:20:44:2044 [32minfo[39m: [32mtable sync successful[39m
2023-01-21 11:21:13:2113 [32minfo[39m: [32mdatabase connected successfuly[39m
2023-01-21 11:21:17:2117 [32minfo[39m: [32mtable sync successful[39m
2023-01-21 11:41:08:418 [32minfo[39m: [32mdatabase connected successfuly[39m
2023-01-21 11:41:12:4112 [32minfo[39m: [32mtable sync successful[39m
2023-01-21 11:41:14:4114 [32minfo[39m: [32mdatabase connected successfuly[39m
2023-01-21 11:41:19:4119 [32minfo[39m: [32mdatabase connected successfuly[39m
2023-01-21 11:41:21:4121 [32minfo[39m: [32mtable sync successful[39m
2023-01-21 11:41:37:4137 [32minfo[39m: [32mdatabase connected successfuly[39m
2023-01-21 11:41:39:4139 [32minfo[39m: [32mtable sync successful[39m
2023-01-21 11:41:46:4146 [32minfo[39m: [32mdatabase connected successfuly[39m
2023-01-21 11:41:50:4150 [32minfo[39m: [32mtable sync successful[39m
2023-01-21 11:42:00:420 [32minfo[39m: [32mdatabase connected successfuly[39m
2023-01-21 11:42:04:424 [32minfo[39m: [32mdatabase connected successfuly[39m
2023-01-21 11:42:05:425 [32minfo[39m: [32mtable sync successful[39m
2023-01-21 22:32:12:3212 [31merror[39m: [31munable to connect Access denied for user 'root'@'localhost' (using password: NO)[39m
2023-01-21 22:32:12:3212 [31merror[39m: [31mAccess denied for user 'root'@'localhost' (using password: NO)[39m
2023-01-21 22:32:49:3249 [35mhttp[39m: [35m::1 GET / 200 10 - 10.189 ms[39m
[35m[39m
2023-01-21 22:34:40:3440 [31merror[39m: [31munable to connect Access denied for user 'root'@'localhost' (using password: NO)[39m
2023-01-21 22:34:40:3440 [31merror[39m: [31mAccess denied for user 'root'@'localhost' (using password: NO)[39m
2023-01-21 22:41:46:4146 [31merror[39m: [31munable to connect Access denied for user 'root'@'localhost' (using password: NO)[39m
2023-01-21 22:41:46:4146 [31merror[39m: [31mAccess denied for user 'root'@'localhost' (using password: NO)[39m
2023-01-21 23:27:09:279 [31merror[39m: [31munable to connect Access denied for user 'root'@'localhost' (using password: NO)[39m
2023-01-21 23:27:09:279 [31merror[39m: [31mAccess denied for user 'root'@'localhost' (using password: NO)[39m
2023-01-21 23:31:53:3153 [31merror[39m: [31munable to connect Access denied for user 'root'@'localhost' (using password: NO)[39m
2023-01-21 23:31:53:3153 [31merror[39m: [31mAccess denied for user 'root'@'localhost' (using password: NO)[39m
2023-01-21 23:35:24:3524 [31merror[39m: [31munable to connect Access denied for user 'root'@'localhost' (using password: NO)[39m
2023-01-21 23:35:24:3524 [31merror[39m: [31mAccess denied for user 'root'@'localhost' (using password: NO)[39m
2023-01-22 00:41:14:4114 [31merror[39m: [31munable to connect Unknown database 'social'[39m
2023-01-22 00:41:14:4114 [31merror[39m: [31mUnknown database 'social'[39m
2023-01-22 00:43:39:4339 [31merror[39m: [31munable to connect Unknown database 'social_app'[39m
2023-01-22 00:43:39:4339 [31merror[39m: [31mUnknown database 'social_app'[39m
2023-01-22 00:51:30:5130 [32minfo[39m: [32mdatabase connected successfuly[39m
2023-01-22 00:51:30:5130 [32minfo[39m: [32mtable sync successful[39m
2023-01-22 01:04:10:410 [32minfo[39m: [32mdatabase connected successfuly[39m
2023-01-22 01:04:10:410 [32minfo[39m: [32mtable sync successful[39m
2023-01-22 01:23:58:2358 [35mhttp[39m: [35m::1 GET / 200 10 - 4.661 ms[39m
[35m[39m
2023-01-22 01:26:13:2613 [35mhttp[39m: [35m::1 GET /favicon.ico - - - - ms[39m
[35m[39m
2023-01-22 01:51:44:5144 [35mhttp[39m: [35m::1 GET /favicon.ico - - - - ms[39m
[35m[39m
2023-01-22 01:54:14:5414 [32minfo[39m: [32mdatabase connected successfuly[39m
2023-01-22 01:54:15:5415 [32minfo[39m: [32mtable sync successful[39m
2023-01-22 01:54:26:5426 [35mhttp[39m: [35m::1 GET / 304 - - 5.491 ms[39m
[35m[39m
2023-01-22 01:55:00:550 [35mhttp[39m: [35m::1 GET / 200 9 - 0.952 ms[39m
[35m[39m
2023-01-22 01:55:44:5544 [35mhttp[39m: [35m::1 GET /favicon.ico - - - - ms[39m
[35m[39m
2023-01-22 01:55:49:5549 [35mhttp[39m: [35m::1 GET / 200 10 - 0.860 ms[39m
[35m[39m
2023-01-22 01:55:49:5549 [35mhttp[39m: [35m::1 GET /favicon.ico - - - - ms[39m
[35m[39m
2023-01-22 01:57:07:577 [35mhttp[39m: [35m::1 GET /favicon.ico - - - - ms[39m
[35m[39m
2023-01-22 11:10:37:1037 [35mhttp[39m: [35m::1 GET / 200 10 - 1.388 ms[39m
[35m[39m
2023-01-22 11:10:44:1044 [35mhttp[39m: [35m::1 GET /favicon.ico - - - - ms[39m
[35m[39m
2023-01-22 11:18:58:1858 [32minfo[39m: [32mdatabase connected successfuly[39m
2023-01-22 11:18:59:1859 [32minfo[39m: [32mtable sync successful[39m
2023-01-22 11:19:41:1941 [35mhttp[39m: [35m::1 GET / 200 9 - 12.384 ms[39m
[35m[39m
2023-01-22 11:22:35:2235 [35mhttp[39m: [35m::1 GET / 200 10 - 1.793 ms[39m
[35m[39m
2023-01-22 11:22:35:2235 [35mhttp[39m: [35m::1 GET /favicon.ico - - - - ms[39m
[35m[39m
2023-01-22 11:22:47:2247 [35mhttp[39m: [35m::1 GET /favicon.ico - - - - ms[39m
[35m[39m
2023-01-22 11:26:42:2642 [35mhttp[39m: [35m::1 GET / 200 9 - 1.749 ms[39m
[35m[39m
2023-01-22 11:28:45:2845 [35mhttp[39m: [35m::1 GET /profile - - - - ms[39m
[35m[39m
2023-01-22 11:28:45:2845 [35mhttp[39m: [35m::1 GET /favicon.ico - - - - ms[39m
[35m[39m
2023-01-22 11:31:04:314 [35mhttp[39m: [35m::1 GET /profile - - - - ms[39m
[35m[39m
2023-01-22 11:31:41:3141 [32minfo[39m: [32mdatabase connected successfuly[39m
2023-01-22 11:31:42:3142 [32minfo[39m: [32mtable sync successful[39m
2023-01-22 11:32:03:323 [32minfo[39m: [32mdatabase connected successfuly[39m
2023-01-22 11:32:03:323 [32minfo[39m: [32mtable sync successful[39m
2023-01-22 11:32:19:3219 [35mhttp[39m: [35m::1 GET /profile - - - - ms[39m
[35m[39m
2023-01-22 11:32:37:3237 [32minfo[39m: [32mdatabase connected successfuly[39m
2023-01-22 11:32:38:3238 [32minfo[39m: [32mtable sync successful[39m
2023-01-22 11:32:50:3250 [32minfo[39m: [32mdatabase connected successfuly[39m
2023-01-22 11:32:51:3251 [32minfo[39m: [32mtable sync successful[39m
2023-01-22 11:33:00:330 [32minfo[39m: [32mdatabase connected successfuly[39m
2023-01-22 11:33:01:331 [32minfo[39m: [32mtable sync successful[39m
2023-01-22 11:33:13:3313 [32minfo[39m: [32mdatabase connected successfuly[39m
2023-01-22 11:33:14:3314 [32minfo[39m: [32mtable sync successful[39m
2023-01-22 11:33:17:3317 [32minfo[39m: [32mdatabase connected successfuly[39m
2023-01-22 11:33:17:3317 [32minfo[39m: [32mtable sync successful[39m
2023-01-22 11:33:38:3338 [35mhttp[39m: [35m::1 GET /profile - - - - ms[39m
[35m[39m
2023-01-22 11:33:51:3351 [35mhttp[39m: [35m::1 GET / - - - - ms[39m
[35m[39m
2023-01-22 11:33:56:3356 [35mhttp[39m: [35m::1 GET /profile - - - - ms[39m
[35m[39m
2023-01-22 11:34:17:3417 [35mhttp[39m: [35m::1 GET / - - - - ms[39m
[35m[39m
2023-01-22 11:35:24:3524 [35mhttp[39m: [35m::1 GET / - - - - ms[39m
[35m[39m
2023-01-22 11:35:57:3557 [32minfo[39m: [32mdatabase connected successfuly[39m
2023-01-22 11:35:58:3558 [32minfo[39m: [32mtable sync successful[39m
2023-01-22 11:35:58:3558 [35mhttp[39m: [35m::ffff:127.0.0.1 GET / 200 10 - 11.204 ms[39m
[35m[39m
2023-01-22 11:36:42:3642 [32minfo[39m: [32mdatabase connected successfuly[39m
2023-01-22 11:36:44:3644 [32minfo[39m: [32mdatabase connected successfuly[39m
2023-01-22 11:36:46:3646 [32minfo[39m: [32mdatabase connected successfuly[39m
2023-01-22 11:36:47:3647 [32minfo[39m: [32mtable sync successful[39m
2023-01-22 11:37:06:376 [32minfo[39m: [32mdatabase connected successfuly[39m
2023-01-22 11:37:06:376 [32minfo[39m: [32mtable sync successful[39m
2023-01-22 11:37:16:3716 [32minfo[39m: [32mdatabase connected successfuly[39m
2023-01-22 11:37:16:3716 [32minfo[39m: [32mtable sync successful[39m
2023-01-22 11:37:21:3721 [32minfo[39m: [32mdatabase connected successfuly[39m
2023-01-22 11:37:21:3721 [32minfo[39m: [32mtable sync successful[39m
2023-01-22 11:37:23:3723 [32minfo[39m: [32mdatabase connected successfuly[39m
2023-01-22 11:37:24:3724 [32minfo[39m: [32mtable sync successful[39m
2023-01-22 11:37:43:3743 [32minfo[39m: [32mdatabase connected successfuly[39m
2023-01-22 11:37:44:3744 [32minfo[39m: [32mtable sync successful[39m
2023-01-22 11:37:49:3749 [32minfo[39m: [32mdatabase connected successfuly[39m
2023-01-22 11:37:51:3751 [32minfo[39m: [32mdatabase connected successfuly[39m
2023-01-22 11:37:51:3751 [32minfo[39m: [32mtable sync successful[39m
2023-01-22 11:39:53:3953 [32minfo[39m: [32mdatabase connected successfuly[39m
2023-01-22 11:39:54:3954 [32minfo[39m: [32mtable sync successful[39m
2023-01-22 11:39:59:3959 [35mhttp[39m: [35m::ffff:127.0.0.1 GET / - - - - ms[39m
[35m[39m
2023-01-22 11:40:20:4020 [32minfo[39m: [32mdatabase connected successfuly[39m
2023-01-22 11:40:21:4021 [32minfo[39m: [32mtable sync successful[39m
2023-01-22 11:40:47:4047 [35mhttp[39m: [35m::1 GET / - - - - ms[39m
[35m[39m
2023-01-22 11:41:20:4120 [35mhttp[39m: [35m::1 GET / - - - - ms[39m
[35m[39m
2023-01-22 11:42:39:4239 [32minfo[39m: [32mdatabase connected successfuly[39m
2023-01-22 11:42:40:4240 [32minfo[39m: [32mtable sync successful[39m
2023-01-22 11:42:47:4247 [35mhttp[39m: [35m::1 GET / - - - - ms[39m
[35m[39m
2023-01-22 11:44:46:4446 [32minfo[39m: [32mdatabase connected successfuly[39m
2023-01-22 11:44:47:4447 [32minfo[39m: [32mtable sync successful[39m
2023-01-22 11:48:56:4856 [32minfo[39m: [32mdatabase connected successfuly[39m
2023-01-22 11:48:57:4857 [32minfo[39m: [32mtable sync successful[39m
2023-01-22 11:49:07:497 [35mhttp[39m: [35m::1 GET / - - - - ms[39m
[35m[39m
2023-01-22 11:49:31:4931 [35mhttp[39m: [35m::ffff:127.0.0.1 GET / - - - - ms[39m
[35m[39m
2023-01-22 11:50:36:5036 [32minfo[39m: [32mdatabase connected successfuly[39m
2023-01-22 11:50:37:5037 [32minfo[39m: [32mtable sync successful[39m
2023-01-22 11:50:42:5042 [35mhttp[39m: [35m::1 GET / - - - - ms[39m
[35m[39m
2023-01-22 11:51:16:5116 [35mhttp[39m: [35m::1 GET / - - - - ms[39m
[35m[39m
2023-01-22 11:51:27:5127 [32minfo[39m: [32mdatabase connected successfuly[39m
2023-01-22 11:51:28:5128 [32minfo[39m: [32mtable sync successful[39m
2023-01-22 11:53:02:532 [32minfo[39m: [32mdatabase connected successfuly[39m
2023-01-22 11:53:02:532 [32minfo[39m: [32mtable sync successful[39m
2023-01-22 11:53:08:538 [32minfo[39m: [32mdatabase connected successfuly[39m
2023-01-22 11:53:09:539 [32minfo[39m: [32mtable sync successful[39m
2023-01-22 11:53:11:5311 [32minfo[39m: [32mdatabase connected successfuly[39m
2023-01-22 11:53:12:5312 [32minfo[39m: [32mtable sync successful[39m
2023-01-22 11:53:19:5319 [32minfo[39m: [32mdatabase connected successfuly[39m
2023-01-22 11:53:23:5323 [32minfo[39m: [32mdatabase connected successfuly[39m
2023-01-22 11:53:24:5324 [32minfo[39m: [32mtable sync successful[39m
2023-01-22 11:53:31:5331 [32minfo[39m: [32mdatabase connected successfuly[39m
2023-01-22 11:53:31:5331 [32minfo[39m: [32mtable sync successful[39m
2023-01-22 11:54:00:540 [32minfo[39m: [32mdatabase connected successfuly[39m
2023-01-22 11:54:00:540 [32minfo[39m: [32mtable sync successful[39m
2023-01-22 11:54:22:5422 [32minfo[39m: [32mdatabase connected successfuly[39m
2023-01-22 11:54:22:5422 [32minfo[39m: [32mtable sync successful[39m
2023-01-22 11:54:53:5453 [35mhttp[39m: [35m::1 GET / - - - - ms[39m
[35m[39m
2023-01-22 11:54:54:5454 [35mhttp[39m: [35m::1 GET /profile 302 720 - 749.010 ms[39m
[35m[39m
2023-01-22 11:55:29:5529 [35mhttp[39m: [35m::1 GET / - - - - ms[39m
[35m[39m
2023-01-22 11:55:29:5529 [35mhttp[39m: [35m::1 GET /profile 302 720 - 5.424 ms[39m
[35m[39m
2023-01-22 11:57:09:579 [35mhttp[39m: [35m::1 GET /profile 200 7 - 27.418 ms[39m
[35m[39m
2023-01-22 11:57:43:5743 [32minfo[39m: [32mdatabase connected successfuly[39m
2023-01-22 11:57:43:5743 [32minfo[39m: [32mtable sync successful[39m
2023-01-22 11:57:52:5752 [32minfo[39m: [32mdatabase connected successfuly[39m
2023-01-22 11:57:53:5753 [32minfo[39m: [32mtable sync successful[39m
2023-01-22 11:58:12:5812 [32minfo[39m: [32mdatabase connected successfuly[39m
2023-01-22 11:58:13:5813 [32minfo[39m: [32mtable sync successful[39m
2023-01-22 11:58:16:5816 [32minfo[39m: [32mdatabase connected successfuly[39m
2023-01-22 11:58:19:5819 [32minfo[39m: [32mdatabase connected successfuly[39m
2023-01-22 11:58:21:5821 [32minfo[39m: [32mdatabase connected successfuly[39m
2023-01-22 11:58:21:5821 [32minfo[39m: [32mtable sync successful[39m
2023-01-22 11:58:25:5825 [32minfo[39m: [32mdatabase connected successfuly[39m
2023-01-22 11:58:25:5825 [32minfo[39m: [32mtable sync successful[39m
2023-01-22 11:59:03:593 [32minfo[39m: [32mdatabase connected successfuly[39m
2023-01-22 11:59:03:593 [32minfo[39m: [32mtable sync successful[39m
2023-01-22 11:59:07:597 [32minfo[39m: [32mdatabase connected successfuly[39m
2023-01-22 11:59:10:5910 [32minfo[39m: [32mdatabase connected successfuly[39m
2023-01-22 11:59:10:5910 [32minfo[39m: [32mtable sync successful[39m
2023-01-22 11:59:14:5914 [32minfo[39m: [32mdatabase connected successfuly[39m
2023-01-22 11:59:15:5915 [32minfo[39m: [32mtable sync successful[39m
2023-01-22 11:59:22:5922 [32minfo[39m: [32mdatabase connected successfuly[39m
2023-01-22 11:59:22:5922 [32minfo[39m: [32mtable sync successful[39m
2023-01-22 11:59:30:5930 [32minfo[39m: [32mdatabase connected successfuly[39m
2023-01-22 11:59:31:5931 [32minfo[39m: [32mtable sync successful[39m
2023-01-22 11:59:36:5936 [32minfo[39m: [32mdatabase connected successfuly[39m
2023-01-22 11:59:36:5936 [32minfo[39m: [32mtable sync successful[39m
2023-01-22 11:59:40:5940 [32minfo[39m: [32mdatabase connected successfuly[39m
2023-01-22 11:59:41:5941 [32minfo[39m: [32mtable sync successful[39m
2023-01-22 12:18:35:1835 [32minfo[39m: [32mdatabase connected successfuly[39m
2023-01-22 12:18:38:1838 [32minfo[39m: [32mdatabase connected successfuly[39m
2023-01-22 12:18:38:1838 [32minfo[39m: [32mtable sync successful[39m
2023-01-22 12:18:47:1847 [32minfo[39m: [32mdatabase connected successfuly[39m
2023-01-22 12:19:22:1922 [32minfo[39m: [32mdatabase connected successfuly[39m
2023-01-22 12:19:24:1924 [32minfo[39m: [32mdatabase connected successfuly[39m
2023-01-22 12:19:25:1925 [32minfo[39m: [32mtable sync successful[39m
2023-01-22 12:19:27:1927 [32minfo[39m: [32mdatabase connected successfuly[39m
2023-01-22 12:19:28:1928 [32minfo[39m: [32mtable sync successful[39m
2023-01-22 12:19:45:1945 [32minfo[39m: [32mdatabase connected successfuly[39m
2023-01-22 12:19:45:1945 [32minfo[39m: [32mtable sync successful[39m
2023-01-22 12:19:51:1951 [32minfo[39m: [32mdatabase connected successfuly[39m
2023-01-22 12:19:52:1952 [32minfo[39m: [32mtable sync successful[39m
2023-01-22 12:19:57:1957 [32minfo[39m: [32mdatabase connected successfuly[39m
2023-01-22 12:19:59:1959 [32minfo[39m: [32mdatabase connected successfuly[39m
2023-01-22 12:20:00:200 [32minfo[39m: [32mtable sync successful[39m
2023-01-22 12:20:20:2020 [35mhttp[39m: [35m::1 GET / 200 18 - 15.216 ms[39m
[35m[39m
2023-01-22 12:20:35:2035 [35mhttp[39m: [35m::1 GET /favicon.ico - - - - ms[39m
[35m[39m
2023-01-22 12:20:53:2053 [35mhttp[39m: [35m::1 GET / 304 - - 1.530 ms[39m
[35m[39m
2023-01-22 12:21:02:212 [35mhttp[39m: [35m::1 GET /favicon.ico - - - - ms[39m
[35m[39m
2023-01-22 12:21:56:2156 [32minfo[39m: [32mdatabase connected successfuly[39m
2023-01-22 12:21:57:2157 [32minfo[39m: [32mtable sync successful[39m
2023-01-22 12:59:19:5919 [32minfo[39m: [32mdatabase connected successfuly[39m
2023-01-22 12:59:20:5920 [32minfo[39m: [32mtable sync successful[39m
2023-01-22 12:59:54:5954 [32minfo[39m: [32mdatabase connected successfuly[39m
2023-01-22 12:59:55:5955 [32minfo[39m: [32mtable sync successful[39m
2023-01-22 13:00:18:018 [32minfo[39m: [32mdatabase connected successfuly[39m
2023-01-22 13:00:18:018 [32minfo[39m: [32mtable sync successful[39m
2023-01-22 13:00:38:038 [32minfo[39m: [32mdatabase connected successfuly[39m
2023-01-22 13:00:39:039 [32minfo[39m: [32mtable sync successful[39m
2023-01-22 13:00:50:050 [35mhttp[39m: [35m::1 GET / 304 - - 8.212 ms[39m
[35m[39m
2023-01-22 13:01:32:132 [32minfo[39m: [32mdatabase connected successfuly[39m
2023-01-22 13:01:33:133 [32minfo[39m: [32mtable sync successful[39m
2023-01-22 13:01:41:141 [32minfo[39m: [32mdatabase connected successfuly[39m
2023-01-22 13:01:42:142 [32minfo[39m: [32mtable sync successful[39m
2023-01-22 13:02:30:230 [35mhttp[39m: [35m::1 GET /profile 302 720 - 17.598 ms[39m
[35m[39m
2023-01-22 13:02:31:231 [35mhttp[39m: [35m::1 GET /favicon.ico - - - - ms[39m
[35m[39m
2023-01-22 13:02:46:246 [35mhttp[39m: [35m::1 GET / 304 - - 4.221 ms[39m
[35m[39m
2023-01-22 13:02:51:251 [35mhttp[39m: [35m::1 GET / 304 - - 0.774 ms[39m
[35m[39m
2023-01-22 13:02:51:251 [35mhttp[39m: [35m::1 GET /favicon.ico - - - - ms[39m
[35m[39m
2023-01-22 13:02:59:259 [35mhttp[39m: [35m::1 GET / 304 - - 0.652 ms[39m
[35m[39m
2023-01-22 13:02:59:259 [35mhttp[39m: [35m::1 GET /favicon.ico - - - - ms[39m
[35m[39m
2023-01-22 13:03:07:37 [35mhttp[39m: [35m::1 GET /favicon.ico - - - - ms[39m
[35m[39m
2023-01-22 13:03:15:315 [35mhttp[39m: [35m::1 GET / 304 - - 0.688 ms[39m
[35m[39m
2023-01-22 13:03:24:324 [35mhttp[39m: [35m::1 GET / 304 - - 0.320 ms[39m
[35m[39m
2023-01-22 13:03:24:324 [35mhttp[39m: [35m::1 GET /favicon.ico - - - - ms[39m
[35m[39m
2023-01-22 13:03:30:330 [35mhttp[39m: [35m::1 GET /favicon.ico - - - - ms[39m
[35m[39m
2023-01-22 13:04:04:44 [32minfo[39m: [32mdatabase connected successfuly[39m
2023-01-22 13:04:05:45 [32minfo[39m: [32mtable sync successful[39m
2023-01-22 13:04:41:441 [35mhttp[39m: [35m::1 GET / 304 - - 9.419 ms[39m
[35m[39m
2023-01-22 13:04:49:449 [35mhttp[39m: [35m::1 GET /favicon.ico - - - - ms[39m
[35m[39m
2023-01-22 13:05:04:54 [32minfo[39m: [32mdatabase connected successfuly[39m
2023-01-22 13:05:04:54 [32minfo[39m: [32mtable sync successful[39m
2023-01-22 13:05:34:534 [32minfo[39m: [32mdatabase connected successfuly[39m
2023-01-22 13:05:34:534 [32minfo[39m: [32mtable sync successful[39m
2023-01-22 13:06:31:631 [32minfo[39m: [32mdatabase connected successfuly[39m
2023-01-22 13:06:32:632 [32minfo[39m: [32mtable sync successful[39m
2023-01-22 13:06:40:640 [32minfo[39m: [32mdatabase connected successfuly[39m
2023-01-22 13:06:41:641 [32minfo[39m: [32mtable sync successful[39m
2023-01-22 13:06:50:650 [32minfo[39m: [32mdatabase connected successfuly[39m
2023-01-22 13:06:50:650 [32minfo[39m: [32mtable sync successful[39m
2023-01-22 13:06:52:652 [32minfo[39m: [32mdatabase connected successfuly[39m
2023-01-22 13:06:52:652 [32minfo[39m: [32mtable sync successful[39m
2023-01-22 13:06:56:656 [32minfo[39m: [32mdatabase connected successfuly[39m
2023-01-22 13:06:56:656 [32minfo[39m: [32mtable sync successful[39m
2023-01-22 13:07:02:72 [32minfo[39m: [32mdatabase connected successfuly[39m
2023-01-22 13:07:03:73 [32minfo[39m: [32mtable sync successful[39m
2023-01-22 13:07:13:713 [32minfo[39m: [32mdatabase connected successfuly[39m
2023-01-22 13:07:14:714 [32minfo[39m: [32mtable sync successful[39m
2023-01-22 13:07:17:717 [32minfo[39m: [32mdatabase connected successfuly[39m
2023-01-22 13:07:19:719 [32minfo[39m: [32mdatabase connected successfuly[39m
2023-01-22 13:07:20:720 [32minfo[39m: [32mtable sync successful[39m
2023-01-22 13:07:24:724 [32minfo[39m: [32mdatabase connected successfuly[39m
2023-01-22 13:07:26:726 [32minfo[39m: [32mdatabase connected successfuly[39m
2023-01-22 13:07:27:727 [32minfo[39m: [32mtable sync successful[39m
2023-01-22 13:07:31:731 [32minfo[39m: [32mdatabase connected successfuly[39m
2023-01-22 13:07:32:732 [32minfo[39m: [32mtable sync successful[39m
2023-01-22 13:07:34:734 [32minfo[39m: [32mdatabase connected successfuly[39m
2023-01-22 13:07:35:735 [32minfo[39m: [32mtable sync successful[39m
2023-01-22 13:07:45:745 [32minfo[39m: [32mdatabase connected successfuly[39m
2023-01-22 13:07:45:745 [32minfo[39m: [32mtable sync successful[39m
2023-01-22 13:17:56:1756 [32minfo[39m: [32mdatabase connected successfuly[39m
2023-01-22 13:17:57:1757 [32minfo[39m: [32mtable sync successful[39m
2023-01-22 13:20:33:2033 [32minfo[39m: [32mdatabase connected successfuly[39m
2023-01-22 13:20:33:2033 [32minfo[39m: [32mtable sync successful[39m
2023-01-22 13:20:41:2041 [32minfo[39m: [32mdatabase connected successfuly[39m
2023-01-22 13:20:41:2041 [32minfo[39m: [32mtable sync successful[39m
2023-01-22 13:24:03:243 [32minfo[39m: [32mdatabase connected successfuly[39m
2023-01-22 13:24:04:244 [32minfo[39m: [32mtable sync successful[39m
2023-01-22 13:24:11:2411 [32minfo[39m: [32mdatabase connected successfuly[39m
2023-01-22 13:24:14:2414 [32minfo[39m: [32mdatabase connected successfuly[39m
2023-01-22 13:24:14:2414 [32minfo[39m: [32mtable sync successful[39m
2023-01-22 13:24:19:2419 [32minfo[39m: [32mdatabase connected successfuly[39m
2023-01-22 13:24:21:2421 [32minfo[39m: [32mdatabase connected successfuly[39m
2023-01-22 13:24:21:2421 [32minfo[39m: [32mtable sync successful[39m
2023-01-22 13:24:43:2443 [32minfo[39m: [32mdatabase connected successfuly[39m
2023-01-22 13:24:44:2444 [32minfo[39m: [32mtable sync successful[39m
2023-01-22 13:24:48:2448 [32minfo[39m: [32mdatabase connected successfuly[39m
2023-01-22 13:24:48:2448 [32minfo[39m: [32mtable sync successful[39m
2023-01-22 13:24:51:2451 [32minfo[39m: [32mdatabase connected successfuly[39m
2023-01-22 13:24:52:2452 [32minfo[39m: [32mtable sync successful[39m
2023-01-22 13:24:55:2455 [32minfo[39m: [32mdatabase connected successfuly[39m
2023-01-22 13:24:56:2456 [32minfo[39m: [32mtable sync successful[39m
2023-01-22 13:24:58:2458 [32minfo[39m: [32mdatabase connected successfuly[39m
2023-01-22 13:24:58:2458 [32minfo[39m: [32mtable sync successful[39m
2023-01-22 13:25:02:252 [32minfo[39m: [32mdatabase connected successfuly[39m
2023-01-22 13:25:05:255 [32minfo[39m: [32mdatabase connected successfuly[39m
2023-01-22 13:25:05:255 [32minfo[39m: [32mtable sync successful[39m
2023-01-22 13:25:08:258 [32minfo[39m: [32mdatabase connected successfuly[39m
2023-01-22 13:25:09:259 [32minfo[39m: [32mtable sync successful[39m
2023-01-22 13:25:12:2512 [32minfo[39m: [32mdatabase connected successfuly[39m
2023-01-22 13:25:13:2513 [32minfo[39m: [32mtable sync successful[39m
2023-01-22 13:25:15:2515 [32minfo[39m: [32mdatabase connected successfuly[39m
2023-01-22 13:25:16:2516 [32minfo[39m: [32mtable sync successful[39m
2023-01-22 13:25:19:2519 [32minfo[39m: [32mdatabase connected successfuly[39m
2023-01-22 13:25:24:2524 [32minfo[39m: [32mdatabase connected successfuly[39m
2023-01-22 13:25:24:2524 [32minfo[39m: [32mtable sync successful[39m
2023-01-22 13:25:27:2527 [32minfo[39m: [32mdatabase connected successfuly[39m
2023-01-22 13:25:28:2528 [32minfo[39m: [32mtable sync successful[39m
2023-01-22 13:25:31:2531 [32minfo[39m: [32mdatabase connected successfuly[39m
2023-01-22 13:25:31:2531 [32minfo[39m: [32mtable sync successful[39m
2023-01-22 13:25:33:2533 [32minfo[39m: [32mdatabase connected successfuly[39m
2023-01-22 13:25:34:2534 [32minfo[39m: [32mtable sync successful[39m
2023-01-22 13:25:37:2537 [32minfo[39m: [32mdatabase connected successfuly[39m
2023-01-22 13:25:43:2543 [32minfo[39m: [32mdatabase connected successfuly[39m
2023-01-22 13:25:45:2545 [32minfo[39m: [32mdatabase connected successfuly[39m
2023-01-22 13:25:45:2545 [32minfo[39m: [32mtable sync successful[39m
2023-01-22 13:25:50:2550 [32minfo[39m: [32mdatabase connected successfuly[39m
2023-01-22 13:25:50:2550 [32minfo[39m: [32mtable sync successful[39m
2023-01-22 13:25:55:2555 [32minfo[39m: [32mdatabase connected successfuly[39m
2023-01-22 13:25:56:2556 [32minfo[39m: [32mtable sync successful[39m
2023-01-22 13:26:05:265 [32minfo[39m: [32mdatabase connected successfuly[39m
2023-01-22 13:26:06:266 [32minfo[39m: [32mtable sync successful[39m
2023-01-22 13:39:44:3944 [32minfo[39m: [32mdatabase connected successfuly[39m
2023-01-22 13:39:44:3944 [32minfo[39m: [32mtable sync successful[39m
2023-01-22 13:39:47:3947 [32minfo[39m: [32mdatabase connected successfuly[39m
2023-01-22 13:39:48:3948 [32minfo[39m: [32mtable sync successful[39m
2023-01-22 13:39:56:3956 [32minfo[39m: [32mdatabase connected successfuly[39m
2023-01-22 13:39:56:3956 [32minfo[39m: [32mtable sync successful[39m
2023-01-22 13:40:01:401 [32minfo[39m: [32mdatabase connected successfuly[39m
2023-01-22 13:40:01:401 [32minfo[39m: [32mtable sync successful[39m
2023-01-22 13:40:05:405 [32minfo[39m: [32mdatabase connected successfuly[39m
2023-01-22 13:40:05:405 [32minfo[39m: [32mtable sync successful[39m
2023-01-22 13:40:27:4027 [32minfo[39m: [32mdatabase connected successfuly[39m
2023-01-22 13:40:27:4027 [32minfo[39m: [32mtable sync successful[39m
2023-01-22 13:40:32:4032 [32minfo[39m: [32mdatabase connected successfuly[39m
2023-01-22 13:40:32:4032 [32minfo[39m: [32mtable sync successful[39m
2023-01-22 13:40:45:4045 [32minfo[39m: [32mdatabase connected successfuly[39m
2023-01-22 13:40:45:4045 [32minfo[39m: [32mtable sync successful[39m
2023-01-22 13:41:02:412 [32minfo[39m: [32mdatabase connected successfuly[39m
2023-01-22 13:41:02:412 [32minfo[39m: [32mtable sync successful[39m
2023-01-22 13:41:05:415 [32minfo[39m: [32mdatabase connected successfuly[39m
2023-01-22 13:41:06:416 [32minfo[39m: [32mtable sync successful[39m
2023-01-22 13:41:09:419 [32minfo[39m: [32mdatabase connected successfuly[39m
2023-01-22 13:41:11:4111 [32minfo[39m: [32mdatabase connected successfuly[39m
2023-01-22 13:41:11:4111 [32minfo[39m: [32mtable sync successful[39m
2023-01-22 13:41:13:4113 [32minfo[39m: [32mdatabase connected successfuly[39m
2023-01-22 13:41:14:4114 [32minfo[39m: [32mtable sync successful[39m
2023-01-22 13:41:16:4116 [32minfo[39m: [32mdatabase connected successfuly[39m
2023-01-22 13:41:17:4117 [32minfo[39m: [32mtable sync successful[39m
2023-01-22 13:41:39:4139 [32minfo[39m: [32mdatabase connected successfuly[39m
2023-01-22 13:41:39:4139 [32minfo[39m: [32mtable sync successful[39m
2023-01-22 13:49:26:4926 [32minfo[39m: [32mdatabase connected successfuly[39m
2023-01-22 13:49:26:4926 [32minfo[39m: [32mtable sync successful[39m
2023-01-22 13:49:37:4937 [32minfo[39m: [32mdatabase connected successfuly[39m
2023-01-22 13:49:37:4937 [32minfo[39m: [32mtable sync successful[39m
2023-01-22 13:49:40:4940 [32minfo[39m: [32mdatabase connected successfuly[39m
2023-01-22 13:49:41:4941 [32minfo[39m: [32mtable sync successful[39m
2023-01-22 13:50:13:5013 [32minfo[39m: [32mdatabase connected successfuly[39m
2023-01-22 13:50:16:5016 [32minfo[39m: [32mdatabase connected successfuly[39m
2023-01-22 13:50:16:5016 [32minfo[39m: [32mtable sync successful[39m
2023-01-22 13:50:20:5020 [32minfo[39m: [32mdatabase connected successfuly[39m
2023-01-22 13:50:20:5020 [32minfo[39m: [32mtable sync successful[39m
2023-01-22 13:54:59:5459 [35mhttp[39m: [35m::1 GET / 304 - - 5.689 ms[39m
[35m[39m
2023-01-22 14:05:47:547 [35mhttp[39m: [35m::1 GET / 304 - - 1.008 ms[39m
[35m[39m
2023-01-22 14:05:47:547 [35mhttp[39m: [35m::1 GET /favicon.ico - - - - ms[39m
[35m[39m
2023-01-22 14:05:49:549 [35mhttp[39m: [35m::1 GET / 304 - - 0.871 ms[39m
[35m[39m
2023-01-22 14:05:49:549 [35mhttp[39m: [35m::1 GET /favicon.ico - - - - ms[39m
[35m[39m
2023-01-22 14:05:57:557 [35mhttp[39m: [35m::1 GET /favicon.ico - - - - ms[39m
[35m[39m
2023-01-22 14:12:57:1257 [35mhttp[39m: [35m::1 GET / 304 - - 0.473 ms[39m
[35m[39m
2023-01-22 14:13:08:138 [35mhttp[39m: [35m::1 GET /favicon.ico - - - - ms[39m
[35m[39m
2023-01-22 21:08:08:88 [32minfo[39m: [32mdatabase connected successfuly[39m
2023-01-22 21:08:09:89 [32minfo[39m: [32mtable sync successful[39m
2023-01-22 21:08:24:824 [32minfo[39m: [32mdatabase connected successfuly[39m
2023-01-22 21:08:25:825 [32minfo[39m: [32mtable sync successful[39m
2023-01-22 21:51:55:5155 [32minfo[39m: [32mdatabase connected successfuly[39m
2023-01-22 21:51:56:5156 [32minfo[39m: [32mtable sync successful[39m
2023-01-22 21:52:06:526 [32minfo[39m: [32mdatabase connected successfuly[39m
2023-01-22 21:52:07:527 [32minfo[39m: [32mtable sync successful[39m
2023-01-22 21:52:12:5212 [32minfo[39m: [32mdatabase connected successfuly[39m
2023-01-22 21:52:13:5213 [32minfo[39m: [32mtable sync successful[39m
2023-01-22 21:53:28:5328 [32minfo[39m: [32mdatabase connected successfuly[39m
2023-01-22 21:53:29:5329 [32minfo[39m: [32mtable sync successful[39m
2023-01-22 21:54:13:5413 [32minfo[39m: [32mdatabase connected successfuly[39m
2023-01-22 21:54:14:5414 [32minfo[39m: [32mtable sync successful[39m
2023-01-23 22:54:17:5417 [32minfo[39m: [32mdatabase connected successfuly[39m
2023-01-23 22:54:18:5418 [32minfo[39m: [32mtable sync successful[39m
2023-01-23 22:54:22:5422 [35mhttp[39m: [35m::1 GET / 304 - - 5.012 ms[39m
[35m[39m
2023-01-23 22:54:34:5434 [35mhttp[39m: [35m::1 GET /favicon.ico - - - - ms[39m
[35m[39m
2023-01-23 22:55:11:5511 [35mhttp[39m: [35m::1 GET / 304 - - 0.829 ms[39m
[35m[39m
2023-01-24 00:31:11:3111 [35mhttp[39m: [35m::1 GET /favicon.ico - - - - ms[39m
[35m[39m
