2023-02-07 01:10:04:104 [31merror[39m: [31muncaughtException: Unexpected token 'const'[39m
[31mC:\Users\fwesh\Desktop\Code\social-media-app\controllers\authController.js:57[39m
[31m  const url = `${req.protocol}://${req.get("host")}/api/v1/profiles`;[39m
[31m  ^^^^^[39m

[31mSyntaxError: Unexpected token 'const'[39m
[31m    at Object.compileFunction (node:vm:360:18)[39m
[31m    at wrapSafe (node:internal/modules/cjs/loader:1088:15)[39m
[31m    at Module._compile (node:internal/modules/cjs/loader:1123:27)[39m
[31m    at Module._extensions..js (node:internal/modules/cjs/loader:1213:10)[39m
[31m    at Module.load (node:internal/modules/cjs/loader:1037:32)[39m
[31m    at Module._load (node:internal/modules/cjs/loader:878:12)[39m
[31m    at Module.require (node:internal/modules/cjs/loader:1061:19)[39m
[31m    at require (node:internal/modules/cjs/helpers:103:18)[39m
[31m    at Object.<anonymous> (C:\Users\fwesh\Desktop\Code\social-media-app\routes\userRoute.js:2:24)[39m
[31m    at Module._compile (node:internal/modules/cjs/loader:1159:14)[39m
2023-02-07 01:10:05:105 [31merror[39m: [31muncaughtException: Missing catch or finally after try[39m
[31mC:\Users\fwesh\Desktop\Code\social-media-app\controllers\authController.js:57[39m
[31m  }[39m
[31m  ^[39m

[31mSyntaxError: Missing catch or finally after try[39m
[31m    at Object.compileFunction (node:vm:360:18)[39m
[31m    at wrapSafe (node:internal/modules/cjs/loader:1088:15)[39m
[31m    at Module._compile (node:internal/modules/cjs/loader:1123:27)[39m
[31m    at Module._extensions..js (node:internal/modules/cjs/loader:1213:10)[39m
[31m    at Module.load (node:internal/modules/cjs/loader:1037:32)[39m
[31m    at Module._load (node:internal/modules/cjs/loader:878:12)[39m
[31m    at Module.require (node:internal/modules/cjs/loader:1061:19)[39m
[31m    at require (node:internal/modules/cjs/helpers:103:18)[39m
[31m    at Object.<anonymous> (C:\Users\fwesh\Desktop\Code\social-media-app\routes\userRoute.js:2:24)[39m
[31m    at Module._compile (node:internal/modules/cjs/loader:1159:14)[39m
2023-02-07 01:10:09:109 [31merror[39m: [31muncaughtException: Missing catch or finally after try[39m
[31mC:\Users\fwesh\Desktop\Code\social-media-app\controllers\authController.js:57[39m
[31m  }[39m
[31m  ^[39m

[31mSyntaxError: Missing catch or finally after try[39m
[31m    at Object.compileFunction (node:vm:360:18)[39m
[31m    at wrapSafe (node:internal/modules/cjs/loader:1088:15)[39m
[31m    at Module._compile (node:internal/modules/cjs/loader:1123:27)[39m
[31m    at Module._extensions..js (node:internal/modules/cjs/loader:1213:10)[39m
[31m    at Module.load (node:internal/modules/cjs/loader:1037:32)[39m
[31m    at Module._load (node:internal/modules/cjs/loader:878:12)[39m
[31m    at Module.require (node:internal/modules/cjs/loader:1061:19)[39m
[31m    at require (node:internal/modules/cjs/helpers:103:18)[39m
[31m    at Object.<anonymous> (C:\Users\fwesh\Desktop\Code\social-media-app\routes\userRoute.js:2:24)[39m
[31m    at Module._compile (node:internal/modules/cjs/loader:1159:14)[39m
2023-02-07 01:10:11:1011 [31merror[39m: [31muncaughtException: Missing catch or finally after try[39m
[31mC:\Users\fwesh\Desktop\Code\social-media-app\controllers\authController.js:59[39m
[31m  }[39m
[31m  ^[39m

[31mSyntaxError: Missing catch or finally after try[39m
[31m    at Object.compileFunction (node:vm:360:18)[39m
[31m    at wrapSafe (node:internal/modules/cjs/loader:1088:15)[39m
[31m    at Module._compile (node:internal/modules/cjs/loader:1123:27)[39m
[31m    at Module._extensions..js (node:internal/modules/cjs/loader:1213:10)[39m
[31m    at Module.load (node:internal/modules/cjs/loader:1037:32)[39m
[31m    at Module._load (node:internal/modules/cjs/loader:878:12)[39m
[31m    at Module.require (node:internal/modules/cjs/loader:1061:19)[39m
[31m    at require (node:internal/modules/cjs/helpers:103:18)[39m
[31m    at Object.<anonymous> (C:\Users\fwesh\Desktop\Code\social-media-app\routes\userRoute.js:2:24)[39m
[31m    at Module._compile (node:internal/modules/cjs/loader:1159:14)[39m
2023-02-07 01:10:14:1014 [31merror[39m: [31muncaughtException: Unexpected identifier[39m
[31mC:\Users\fwesh\Desktop\Code\social-media-app\controllers\authController.js:63[39m
[31m  createSendToken(user, 200, res);[39m
[31m  ^^^^^^^^^^^^^^^[39m

[31mSyntaxError: Unexpected identifier[39m
[31m    at Object.compileFunction (node:vm:360:18)[39m
[31m    at wrapSafe (node:internal/modules/cjs/loader:1088:15)[39m
[31m    at Module._compile (node:internal/modules/cjs/loader:1123:27)[39m
[31m    at Module._extensions..js (node:internal/modules/cjs/loader:1213:10)[39m
[31m    at Module.load (node:internal/modules/cjs/loader:1037:32)[39m
[31m    at Module._load (node:internal/modules/cjs/loader:878:12)[39m
[31m    at Module.require (node:internal/modules/cjs/loader:1061:19)[39m
[31m    at require (node:internal/modules/cjs/helpers:103:18)[39m
[31m    at Object.<anonymous> (C:\Users\fwesh\Desktop\Code\social-media-app\routes\userRoute.js:2:24)[39m
[31m    at Module._compile (node:internal/modules/cjs/loader:1159:14)[39m
2023-02-07 01:10:16:1016 [31merror[39m: [31muncaughtException: Unexpected identifier[39m
[31mC:\Users\fwesh\Desktop\Code\social-media-app\controllers\authController.js:63[39m
[31m  createSendToken(user, 200, res);[39m
[31m  ^^^^^^^^^^^^^^^[39m

[31mSyntaxError: Unexpected identifier[39m
[31m    at Object.compileFunction (node:vm:360:18)[39m
[31m    at wrapSafe (node:internal/modules/cjs/loader:1088:15)[39m
[31m    at Module._compile (node:internal/modules/cjs/loader:1123:27)[39m
[31m    at Module._extensions..js (node:internal/modules/cjs/loader:1213:10)[39m
[31m    at Module.load (node:internal/modules/cjs/loader:1037:32)[39m
[31m    at Module._load (node:internal/modules/cjs/loader:878:12)[39m
[31m    at Module.require (node:internal/modules/cjs/loader:1061:19)[39m
[31m    at require (node:internal/modules/cjs/helpers:103:18)[39m
[31m    at Object.<anonymous> (C:\Users\fwesh\Desktop\Code\social-media-app\routes\userRoute.js:2:24)[39m
[31m    at Module._compile (node:internal/modules/cjs/loader:1159:14)[39m
2023-02-07 01:12:07:127 [31merror[39m: [31muncaughtException: Missing catch or finally after try[39m
[31mC:\Users\fwesh\Desktop\Code\social-media-app\controllers\authController.js:142[39m
[31m}[39m
[31m^[39m

[31mSyntaxError: Missing catch or finally after try[39m
[31m    at Object.compileFunction (node:vm:360:18)[39m
[31m    at wrapSafe (node:internal/modules/cjs/loader:1088:15)[39m
[31m    at Module._compile (node:internal/modules/cjs/loader:1123:27)[39m
[31m    at Module._extensions..js (node:internal/modules/cjs/loader:1213:10)[39m
[31m    at Module.load (node:internal/modules/cjs/loader:1037:32)[39m
[31m    at Module._load (node:internal/modules/cjs/loader:878:12)[39m
[31m    at Module.require (node:internal/modules/cjs/loader:1061:19)[39m
[31m    at require (node:internal/modules/cjs/helpers:103:18)[39m
[31m    at Object.<anonymous> (C:\Users\fwesh\Desktop\Code\social-media-app\routes\userRoute.js:2:24)[39m
[31m    at Module._compile (node:internal/modules/cjs/loader:1159:14)[39m
2023-02-07 01:12:12:1212 [31merror[39m: [31muncaughtException: Missing catch or finally after try[39m
[31mC:\Users\fwesh\Desktop\Code\social-media-app\controllers\authController.js:142[39m
[31m}[39m
[31m^[39m

[31mSyntaxError: Missing catch or finally after try[39m
[31m    at Object.compileFunction (node:vm:360:18)[39m
[31m    at wrapSafe (node:internal/modules/cjs/loader:1088:15)[39m
[31m    at Module._compile (node:internal/modules/cjs/loader:1123:27)[39m
[31m    at Module._extensions..js (node:internal/modules/cjs/loader:1213:10)[39m
[31m    at Module.load (node:internal/modules/cjs/loader:1037:32)[39m
[31m    at Module._load (node:internal/modules/cjs/loader:878:12)[39m
[31m    at Module.require (node:internal/modules/cjs/loader:1061:19)[39m
[31m    at require (node:internal/modules/cjs/helpers:103:18)[39m
[31m    at Object.<anonymous> (C:\Users\fwesh\Desktop\Code\social-media-app\routes\userRoute.js:2:24)[39m
[31m    at Module._compile (node:internal/modules/cjs/loader:1159:14)[39m
2023-02-07 01:12:14:1214 [31merror[39m: [31muncaughtException: Missing catch or finally after try[39m
[31mC:\Users\fwesh\Desktop\Code\social-media-app\controllers\authController.js:149[39m
[31m}[39m
[31m^[39m

[31mSyntaxError: Missing catch or finally after try[39m
[31m    at Object.compileFunction (node:vm:360:18)[39m
[31m    at wrapSafe (node:internal/modules/cjs/loader:1088:15)[39m
[31m    at Module._compile (node:internal/modules/cjs/loader:1123:27)[39m
[31m    at Module._extensions..js (node:internal/modules/cjs/loader:1213:10)[39m
[31m    at Module.load (node:internal/modules/cjs/loader:1037:32)[39m
[31m    at Module._load (node:internal/modules/cjs/loader:878:12)[39m
[31m    at Module.require (node:internal/modules/cjs/loader:1061:19)[39m
[31m    at require (node:internal/modules/cjs/helpers:103:18)[39m
[31m    at Object.<anonymous> (C:\Users\fwesh\Desktop\Code\social-media-app\routes\userRoute.js:2:24)[39m
[31m    at Module._compile (node:internal/modules/cjs/loader:1159:14)[39m
2023-02-07 01:12:19:1219 [31merror[39m: [31muncaughtException: Unexpected token '}'[39m
[31mC:\Users\fwesh\Desktop\Code\social-media-app\controllers\authController.js:151[39m
[31m};[39m
[31m^[39m

[31mSyntaxError: Unexpected token '}'[39m
[31m    at Object.compileFunction (node:vm:360:18)[39m
[31m    at wrapSafe (node:internal/modules/cjs/loader:1088:15)[39m
[31m    at Module._compile (node:internal/modules/cjs/loader:1123:27)[39m
[31m    at Module._extensions..js (node:internal/modules/cjs/loader:1213:10)[39m
[31m    at Module.load (node:internal/modules/cjs/loader:1037:32)[39m
[31m    at Module._load (node:internal/modules/cjs/loader:878:12)[39m
[31m    at Module.require (node:internal/modules/cjs/loader:1061:19)[39m
[31m    at require (node:internal/modules/cjs/helpers:103:18)[39m
[31m    at Object.<anonymous> (C:\Users\fwesh\Desktop\Code\social-media-app\routes\userRoute.js:2:24)[39m
[31m    at Module._compile (node:internal/modules/cjs/loader:1159:14)[39m
2023-02-07 01:12:44:1244 [31merror[39m: [31muncaughtException: Unexpected token ';'[39m
[31mC:\Users\fwesh\Desktop\Code\social-media-app\controllers\authController.js:150[39m
[31m    throw new ;[39m
[31m              ^[39m

[31mSyntaxError: Unexpected token ';'[39m
[31m    at Object.compileFunction (node:vm:360:18)[39m
[31m    at wrapSafe (node:internal/modules/cjs/loader:1088:15)[39m
[31m    at Module._compile (node:internal/modules/cjs/loader:1123:27)[39m
[31m    at Module._extensions..js (node:internal/modules/cjs/loader:1213:10)[39m
[31m    at Module.load (node:internal/modules/cjs/loader:1037:32)[39m
[31m    at Module._load (node:internal/modules/cjs/loader:878:12)[39m
[31m    at Module.require (node:internal/modules/cjs/loader:1061:19)[39m
[31m    at require (node:internal/modules/cjs/helpers:103:18)[39m
[31m    at Object.<anonymous> (C:\Users\fwesh\Desktop\Code\social-media-app\routes\userRoute.js:2:24)[39m
[31m    at Module._compile (node:internal/modules/cjs/loader:1159:14)[39m
2023-02-07 03:12:41:1241 [31merror[39m: [31muncaughtException: Cannot find module './../utils/tokens'[39m
[31mRequire stack:[39m
[31m- C:\Users\fwesh\Desktop\Code\social-media-app\controllers\authController.js[39m
[31m- C:\Users\fwesh\Desktop\Code\social-media-app\routes\userRoute.js[39m
[31m- C:\Users\fwesh\Desktop\Code\social-media-app\app.js[39m
[31m- C:\Users\fwesh\Desktop\Code\social-media-app\server.js[39m
[31mError: Cannot find module './../utils/tokens'[39m
[31mRequire stack:[39m
[31m- C:\Users\fwesh\Desktop\Code\social-media-app\controllers\authController.js[39m
[31m- C:\Users\fwesh\Desktop\Code\social-media-app\routes\userRoute.js[39m
[31m- C:\Users\fwesh\Desktop\Code\social-media-app\app.js[39m
[31m- C:\Users\fwesh\Desktop\Code\social-media-app\server.js[39m
[31m    at Module._resolveFilename (node:internal/modules/cjs/loader:995:15)[39m
[31m    at Module._load (node:internal/modules/cjs/loader:841:27)[39m
[31m    at Module.require (node:internal/modules/cjs/loader:1061:19)[39m
[31m    at require (node:internal/modules/cjs/helpers:103:18)[39m
[31m    at Object.<anonymous> (C:\Users\fwesh\Desktop\Code\social-media-app\controllers\authController.js:7:16)[39m
[31m    at Module._compile (node:internal/modules/cjs/loader:1159:14)[39m
[31m    at Module._extensions..js (node:internal/modules/cjs/loader:1213:10)[39m
[31m    at Module.load (node:internal/modules/cjs/loader:1037:32)[39m
[31m    at Module._load (node:internal/modules/cjs/loader:878:12)[39m
[31m    at Module.require (node:internal/modules/cjs/loader:1061:19)[39m
2023-02-07 03:18:21:1821 [31merror[39m: [31mEmail Or Password Incorrect[39m
2023-02-07 03:18:27:1827 [31merror[39m: [31mUser already exists. Please login[39m
2023-02-07 03:19:53:1953 [31merror[39m: [31mEmail Or Password Incorrect[39m
2023-02-07 03:20:35:2035 [31merror[39m: [31mEmail Or Password Incorrect[39m
2023-02-07 03:21:45:2145 [31merror[39m: [31mEmail Or Password Incorrect[39m
2023-02-07 03:22:24:2224 [31merror[39m: [31mNo User with that email[39m
2023-02-07 11:58:42:5842 [31merror[39m: [31mUser already exists. Please login[39m
2023-02-07 11:58:56:5856 [31merror[39m: [31mEmail Or Password Incorrect[39m
2023-02-07 12:11:51:1151 [31merror[39m: [31mEmail Or Password Incorrect[39m
2023-02-07 12:13:11:1311 [31merror[39m: [31mEmail Or Password Incorrect[39m
2023-02-07 12:15:19:1519 [31merror[39m: [31mEmail Or Password Incorrect[39m
2023-02-07 12:16:20:1620 [31merror[39m: [31mEmail Or Password Incorrect[39m
2023-02-07 12:16:25:1625 [31merror[39m: [31mEmail Or Password Incorrect[39m
2023-02-07 12:20:19:2019 [31merror[39m: [31mEmail Or Password Incorrect[39m
2023-02-07 12:22:22:2222 [31merror[39m: [31mEmail Or Password Incorrect[39m
2023-02-07 12:24:52:2452 [31merror[39m: [31muncaughtException: Unexpected token ')'[39m
[31mC:\Users\fwesh\Desktop\Code\social-media-app\models\userModel.js:85[39m
[31m    return await bcrypt.compare("Tester4321", this.);[39m
[31m                                                   ^[39m

[31mSyntaxError: Unexpected token ')'[39m
[31m    at Object.compileFunction (node:vm:360:18)[39m
[31m    at wrapSafe (node:internal/modules/cjs/loader:1088:15)[39m
[31m    at Module._compile (node:internal/modules/cjs/loader:1123:27)[39m
[31m    at Module._extensions..js (node:internal/modules/cjs/loader:1213:10)[39m
[31m    at Module.load (node:internal/modules/cjs/loader:1037:32)[39m
[31m    at Module._load (node:internal/modules/cjs/loader:878:12)[39m
[31m    at Module.require (node:internal/modules/cjs/loader:1061:19)[39m
[31m    at require (node:internal/modules/cjs/helpers:103:18)[39m
[31m    at Object.<anonymous> (C:\Users\fwesh\Desktop\Code\social-media-app\models\index.js:13:19)[39m
[31m    at Module._compile (node:internal/modules/cjs/loader:1159:14)[39m
2023-02-07 12:25:30:2530 [31merror[39m: [31muncaughtException: Unexpected token ')'[39m
[31mC:\Users\fwesh\Desktop\Code\social-media-app\controllers\authController.js:92[39m
[31m  console.log(await );[39m
[31m                    ^[39m

[31mSyntaxError: Unexpected token ')'[39m
[31m    at Object.compileFunction (node:vm:360:18)[39m
[31m    at wrapSafe (node:internal/modules/cjs/loader:1088:15)[39m
[31m    at Module._compile (node:internal/modules/cjs/loader:1123:27)[39m
[31m    at Module._extensions..js (node:internal/modules/cjs/loader:1213:10)[39m
[31m    at Module.load (node:internal/modules/cjs/loader:1037:32)[39m
[31m    at Module._load (node:internal/modules/cjs/loader:878:12)[39m
[31m    at Module.require (node:internal/modules/cjs/loader:1061:19)[39m
[31m    at require (node:internal/modules/cjs/helpers:103:18)[39m
[31m    at Object.<anonymous> (C:\Users\fwesh\Desktop\Code\social-media-app\routes\userRoute.js:2:24)[39m
[31m    at Module._compile (node:internal/modules/cjs/loader:1159:14)[39m
2023-02-07 12:25:57:2557 [31merror[39m: [31mEmail Or Password Incorrect[39m
2023-02-07 12:55:30:5530 [31merror[39m: [31muncaughtException: Unexpected token '}'[39m
[31mC:\Users\fwesh\Desktop\Code\social-media-app\models\userModel.js:68[39m
[31m  });[39m
[31m  ^[39m

[31mSyntaxError: Unexpected token '}'[39m
[31m    at Object.compileFunction (node:vm:360:18)[39m
[31m    at wrapSafe (node:internal/modules/cjs/loader:1088:15)[39m
[31m    at Module._compile (node:internal/modules/cjs/loader:1123:27)[39m
[31m    at Module._extensions..js (node:internal/modules/cjs/loader:1213:10)[39m
[31m    at Module.load (node:internal/modules/cjs/loader:1037:32)[39m
[31m    at Module._load (node:internal/modules/cjs/loader:878:12)[39m
[31m    at Module.require (node:internal/modules/cjs/loader:1061:19)[39m
[31m    at require (node:internal/modules/cjs/helpers:103:18)[39m
[31m    at Object.<anonymous> (C:\Users\fwesh\Desktop\Code\social-media-app\models\index.js:13:19)[39m
[31m    at Module._compile (node:internal/modules/cjs/loader:1159:14)[39m
2023-02-07 12:58:10:5810 [31merror[39m: [31mUser already exists. Please login[39m
2023-02-07 12:59:23:5923 [31merror[39m: [31mEmail Or Password Incorrect[39m
2023-02-07 13:01:50:150 [31merror[39m: [31mToken Expired Or Invalid Token, Request for a new token[39m
2023-02-07 13:02:15:215 [31merror[39m: [31mpassword is not defined[39m
2023-02-07 13:03:27:327 [31merror[39m: [31mpassword is not defined[39m
2023-02-07 14:36:21:3621 [31merror[39m: [31muncaughtException: Invalid or unexpected token[39m
[31mC:\Users\fwesh\Desktop\Code\social-media-app\models\userModel.js:66[39m
[31m    if (!user.changed(")) {[39m
[31m                      ^^^^^[39m

[31mSyntaxError: Invalid or unexpected token[39m
[31m    at Object.compileFunction (node:vm:360:18)[39m
[31m    at wrapSafe (node:internal/modules/cjs/loader:1088:15)[39m
[31m    at Module._compile (node:internal/modules/cjs/loader:1123:27)[39m
[31m    at Module._extensions..js (node:internal/modules/cjs/loader:1213:10)[39m
[31m    at Module.load (node:internal/modules/cjs/loader:1037:32)[39m
[31m    at Module._load (node:internal/modules/cjs/loader:878:12)[39m
[31m    at Module.require (node:internal/modules/cjs/loader:1061:19)[39m
[31m    at require (node:internal/modules/cjs/helpers:103:18)[39m
[31m    at Object.<anonymous> (C:\Users\fwesh\Desktop\Code\social-media-app\models\index.js:13:19)[39m
[31m    at Module._compile (node:internal/modules/cjs/loader:1159:14)[39m
2023-02-07 14:36:56:3656 [31merror[39m: [31mpassword is not defined[39m
2023-02-07 14:51:39:5139 [31merror[39m: [31muncaughtException: Unexpected token '.'[39m
[31mC:\Users\fwesh\Desktop\Code\social-media-app\controllers\authController.js:188[39m
[31m   user.password = req.body.password;[39m
[31m       ^[39m

[31mSyntaxError: Unexpected token '.'[39m
[31m    at Object.compileFunction (node:vm:360:18)[39m
[31m    at wrapSafe (node:internal/modules/cjs/loader:1088:15)[39m
[31m    at Module._compile (node:internal/modules/cjs/loader:1123:27)[39m
[31m    at Module._extensions..js (node:internal/modules/cjs/loader:1213:10)[39m
[31m    at Module.load (node:internal/modules/cjs/loader:1037:32)[39m
[31m    at Module._load (node:internal/modules/cjs/loader:878:12)[39m
[31m    at Module.require (node:internal/modules/cjs/loader:1061:19)[39m
[31m    at require (node:internal/modules/cjs/helpers:103:18)[39m
[31m    at Object.<anonymous> (C:\Users\fwesh\Desktop\Code\social-media-app\routes\userRoute.js:2:24)[39m
[31m    at Module._compile (node:internal/modules/cjs/loader:1159:14)[39m
2023-02-07 14:51:48:5148 [31merror[39m: [31muncaughtException: Unexpected token '.'[39m
[31mC:\Users\fwesh\Desktop\Code\social-media-app\controllers\authController.js:188[39m
[31m   user.password : req.body.password;[39m
[31m       ^[39m

[31mSyntaxError: Unexpected token '.'[39m
[31m    at Object.compileFunction (node:vm:360:18)[39m
[31m    at wrapSafe (node:internal/modules/cjs/loader:1088:15)[39m
[31m    at Module._compile (node:internal/modules/cjs/loader:1123:27)[39m
[31m    at Module._extensions..js (node:internal/modules/cjs/loader:1213:10)[39m
[31m    at Module.load (node:internal/modules/cjs/loader:1037:32)[39m
[31m    at Module._load (node:internal/modules/cjs/loader:878:12)[39m
[31m    at Module.require (node:internal/modules/cjs/loader:1061:19)[39m
[31m    at require (node:internal/modules/cjs/helpers:103:18)[39m
[31m    at Object.<anonymous> (C:\Users\fwesh\Desktop\Code\social-media-app\routes\userRoute.js:2:24)[39m
[31m    at Module._compile (node:internal/modules/cjs/loader:1159:14)[39m
2023-02-07 14:51:52:5152 [31merror[39m: [31muncaughtException: Unexpected token '.'[39m
[31mC:\Users\fwesh\Desktop\Code\social-media-app\controllers\authController.js:188[39m
[31m   user.password : req.body.password;[39m
[31m       ^[39m

[31mSyntaxError: Unexpected token '.'[39m
[31m    at Object.compileFunction (node:vm:360:18)[39m
[31m    at wrapSafe (node:internal/modules/cjs/loader:1088:15)[39m
[31m    at Module._compile (node:internal/modules/cjs/loader:1123:27)[39m
[31m    at Module._extensions..js (node:internal/modules/cjs/loader:1213:10)[39m
[31m    at Module.load (node:internal/modules/cjs/loader:1037:32)[39m
[31m    at Module._load (node:internal/modules/cjs/loader:878:12)[39m
[31m    at Module.require (node:internal/modules/cjs/loader:1061:19)[39m
[31m    at require (node:internal/modules/cjs/helpers:103:18)[39m
[31m    at Object.<anonymous> (C:\Users\fwesh\Desktop\Code\social-media-app\routes\userRoute.js:2:24)[39m
[31m    at Module._compile (node:internal/modules/cjs/loader:1159:14)[39m
2023-02-07 14:51:54:5154 [31merror[39m: [31muncaughtException: Unexpected token '.'[39m
[31mC:\Users\fwesh\Desktop\Code\social-media-app\controllers\authController.js:188[39m
[31m   user.password : req.body.password;[39m
[31m       ^[39m

[31mSyntaxError: Unexpected token '.'[39m
[31m    at Object.compileFunction (node:vm:360:18)[39m
[31m    at wrapSafe (node:internal/modules/cjs/loader:1088:15)[39m
[31m    at Module._compile (node:internal/modules/cjs/loader:1123:27)[39m
[31m    at Module._extensions..js (node:internal/modules/cjs/loader:1213:10)[39m
[31m    at Module.load (node:internal/modules/cjs/loader:1037:32)[39m
[31m    at Module._load (node:internal/modules/cjs/loader:878:12)[39m
[31m    at Module.require (node:internal/modules/cjs/loader:1061:19)[39m
[31m    at require (node:internal/modules/cjs/helpers:103:18)[39m
[31m    at Object.<anonymous> (C:\Users\fwesh\Desktop\Code\social-media-app\routes\userRoute.js:2:24)[39m
[31m    at Module._compile (node:internal/modules/cjs/loader:1159:14)[39m
2023-02-07 14:51:59:5159 [31merror[39m: [31muncaughtException: Unexpected token ';'[39m
[31mC:\Users\fwesh\Desktop\Code\social-media-app\controllers\authController.js:188[39m
[31m   password : req.body.password;[39m
[31m                               ^[39m

[31mSyntaxError: Unexpected token ';'[39m
[31m    at Object.compileFunction (node:vm:360:18)[39m
[31m    at wrapSafe (node:internal/modules/cjs/loader:1088:15)[39m
[31m    at Module._compile (node:internal/modules/cjs/loader:1123:27)[39m
[31m    at Module._extensions..js (node:internal/modules/cjs/loader:1213:10)[39m
[31m    at Module.load (node:internal/modules/cjs/loader:1037:32)[39m
[31m    at Module._load (node:internal/modules/cjs/loader:878:12)[39m
[31m    at Module.require (node:internal/modules/cjs/loader:1061:19)[39m
[31m    at require (node:internal/modules/cjs/helpers:103:18)[39m
[31m    at Object.<anonymous> (C:\Users\fwesh\Desktop\Code\social-media-app\routes\userRoute.js:2:24)[39m
[31m    at Module._compile (node:internal/modules/cjs/loader:1159:14)[39m
2023-02-07 14:52:02:522 [31merror[39m: [31muncaughtException: Unexpected token ';'[39m
[31mC:\Users\fwesh\Desktop\Code\social-media-app\controllers\authController.js:188[39m
[31m   password : req.body.password;[39m
[31m                               ^[39m

[31mSyntaxError: Unexpected token ';'[39m
[31m    at Object.compileFunction (node:vm:360:18)[39m
[31m    at wrapSafe (node:internal/modules/cjs/loader:1088:15)[39m
[31m    at Module._compile (node:internal/modules/cjs/loader:1123:27)[39m
[31m    at Module._extensions..js (node:internal/modules/cjs/loader:1213:10)[39m
[31m    at Module.load (node:internal/modules/cjs/loader:1037:32)[39m
[31m    at Module._load (node:internal/modules/cjs/loader:878:12)[39m
[31m    at Module.require (node:internal/modules/cjs/loader:1061:19)[39m
[31m    at require (node:internal/modules/cjs/helpers:103:18)[39m
[31m    at Object.<anonymous> (C:\Users\fwesh\Desktop\Code\social-media-app\routes\userRoute.js:2:24)[39m
[31m    at Module._compile (node:internal/modules/cjs/loader:1159:14)[39m
2023-02-07 14:52:05:525 [31merror[39m: [31muncaughtException: Unexpected token ';'[39m
[31mC:\Users\fwesh\Desktop\Code\social-media-app\controllers\authController.js:188[39m
[31m   password : req.body.password;[39m
[31m                               ^[39m

[31mSyntaxError: Unexpected token ';'[39m
[31m    at Object.compileFunction (node:vm:360:18)[39m
[31m    at wrapSafe (node:internal/modules/cjs/loader:1088:15)[39m
[31m    at Module._compile (node:internal/modules/cjs/loader:1123:27)[39m
[31m    at Module._extensions..js (node:internal/modules/cjs/loader:1213:10)[39m
[31m    at Module.load (node:internal/modules/cjs/loader:1037:32)[39m
[31m    at Module._load (node:internal/modules/cjs/loader:878:12)[39m
[31m    at Module.require (node:internal/modules/cjs/loader:1061:19)[39m
[31m    at require (node:internal/modules/cjs/helpers:103:18)[39m
[31m    at Object.<anonymous> (C:\Users\fwesh\Desktop\Code\social-media-app\routes\userRoute.js:2:24)[39m
[31m    at Module._compile (node:internal/modules/cjs/loader:1159:14)[39m
2023-02-07 14:52:09:529 [31merror[39m: [31muncaughtException: Unexpected token ';'[39m
[31mC:\Users\fwesh\Desktop\Code\social-media-app\controllers\authController.js:190[39m
[31m  passwordResetExpires: null;[39m
[31m                            ^[39m

[31mSyntaxError: Unexpected token ';'[39m
[31m    at Object.compileFunction (node:vm:360:18)[39m
[31m    at wrapSafe (node:internal/modules/cjs/loader:1088:15)[39m
[31m    at Module._compile (node:internal/modules/cjs/loader:1123:27)[39m
[31m    at Module._extensions..js (node:internal/modules/cjs/loader:1213:10)[39m
[31m    at Module.load (node:internal/modules/cjs/loader:1037:32)[39m
[31m    at Module._load (node:internal/modules/cjs/loader:878:12)[39m
[31m    at Module.require (node:internal/modules/cjs/loader:1061:19)[39m
[31m    at require (node:internal/modules/cjs/helpers:103:18)[39m
[31m    at Object.<anonymous> (C:\Users\fwesh\Desktop\Code\social-media-app\routes\userRoute.js:2:24)[39m
[31m    at Module._compile (node:internal/modules/cjs/loader:1159:14)[39m
2023-02-07 14:52:13:5213 [31merror[39m: [31muncaughtException: Unexpected token ';'[39m
[31mC:\Users\fwesh\Desktop\Code\social-media-app\controllers\authController.js:190[39m
[31m  passwordResetExpires: null;[39m
[31m                            ^[39m

[31mSyntaxError: Unexpected token ';'[39m
[31m    at Object.compileFunction (node:vm:360:18)[39m
[31m    at wrapSafe (node:internal/modules/cjs/loader:1088:15)[39m
[31m    at Module._compile (node:internal/modules/cjs/loader:1123:27)[39m
[31m    at Module._extensions..js (node:internal/modules/cjs/loader:1213:10)[39m
[31m    at Module.load (node:internal/modules/cjs/loader:1037:32)[39m
[31m    at Module._load (node:internal/modules/cjs/loader:878:12)[39m
[31m    at Module.require (node:internal/modules/cjs/loader:1061:19)[39m
[31m    at require (node:internal/modules/cjs/helpers:103:18)[39m
[31m    at Object.<anonymous> (C:\Users\fwesh\Desktop\Code\social-media-app\routes\userRoute.js:2:24)[39m
[31m    at Module._compile (node:internal/modules/cjs/loader:1159:14)[39m
2023-02-07 14:52:14:5214 [31merror[39m: [31muncaughtException: Unexpected token ';'[39m
[31mC:\Users\fwesh\Desktop\Code\social-media-app\controllers\authController.js:190[39m
[31m  passwordResetExpires: null;[39m
[31m                            ^[39m

[31mSyntaxError: Unexpected token ';'[39m
[31m    at Object.compileFunction (node:vm:360:18)[39m
[31m    at wrapSafe (node:internal/modules/cjs/loader:1088:15)[39m
[31m    at Module._compile (node:internal/modules/cjs/loader:1123:27)[39m
[31m    at Module._extensions..js (node:internal/modules/cjs/loader:1213:10)[39m
[31m    at Module.load (node:internal/modules/cjs/loader:1037:32)[39m
[31m    at Module._load (node:internal/modules/cjs/loader:878:12)[39m
[31m    at Module.require (node:internal/modules/cjs/loader:1061:19)[39m
[31m    at require (node:internal/modules/cjs/helpers:103:18)[39m
[31m    at Object.<anonymous> (C:\Users\fwesh\Desktop\Code\social-media-app\routes\userRoute.js:2:24)[39m
[31m    at Module._compile (node:internal/modules/cjs/loader:1159:14)[39m
2023-02-07 14:52:26:5226 [31merror[39m: [31muncaughtException: missing ) after argument list[39m
[31mC:\Users\fwesh\Desktop\Code\social-media-app\controllers\authController.js:191[39m
[31m  }[39m
[31m  ^[39m

[31mSyntaxError: missing ) after argument list[39m
[31m    at Object.compileFunction (node:vm:360:18)[39m
[31m    at wrapSafe (node:internal/modules/cjs/loader:1088:15)[39m
[31m    at Module._compile (node:internal/modules/cjs/loader:1123:27)[39m
[31m    at Module._extensions..js (node:internal/modules/cjs/loader:1213:10)[39m
[31m    at Module.load (node:internal/modules/cjs/loader:1037:32)[39m
[31m    at Module._load (node:internal/modules/cjs/loader:878:12)[39m
[31m    at Module.require (node:internal/modules/cjs/loader:1061:19)[39m
[31m    at require (node:internal/modules/cjs/helpers:103:18)[39m
[31m    at Object.<anonymous> (C:\Users\fwesh\Desktop\Code\social-media-app\routes\userRoute.js:2:24)[39m
[31m    at Module._compile (node:internal/modules/cjs/loader:1159:14)[39m
2023-02-07 14:52:28:5228 [31merror[39m: [31muncaughtException: missing ) after argument list[39m
[31mC:\Users\fwesh\Desktop\Code\social-media-app\controllers\authController.js:191[39m
[31m  }[39m
[31m  ^[39m

[31mSyntaxError: missing ) after argument list[39m
[31m    at Object.compileFunction (node:vm:360:18)[39m
[31m    at wrapSafe (node:internal/modules/cjs/loader:1088:15)[39m
[31m    at Module._compile (node:internal/modules/cjs/loader:1123:27)[39m
[31m    at Module._extensions..js (node:internal/modules/cjs/loader:1213:10)[39m
[31m    at Module.load (node:internal/modules/cjs/loader:1037:32)[39m
[31m    at Module._load (node:internal/modules/cjs/loader:878:12)[39m
[31m    at Module.require (node:internal/modules/cjs/loader:1061:19)[39m
[31m    at require (node:internal/modules/cjs/helpers:103:18)[39m
[31m    at Object.<anonymous> (C:\Users\fwesh\Desktop\Code\social-media-app\routes\userRoute.js:2:24)[39m
[31m    at Module._compile (node:internal/modules/cjs/loader:1159:14)[39m
2023-02-07 14:52:30:5230 [31merror[39m: [31muncaughtException: missing ) after argument list[39m
[31mC:\Users\fwesh\Desktop\Code\social-media-app\controllers\authController.js:191[39m
[31m  }[39m
[31m  ^[39m

[31mSyntaxError: missing ) after argument list[39m
[31m    at Object.compileFunction (node:vm:360:18)[39m
[31m    at wrapSafe (node:internal/modules/cjs/loader:1088:15)[39m
[31m    at Module._compile (node:internal/modules/cjs/loader:1123:27)[39m
[31m    at Module._extensions..js (node:internal/modules/cjs/loader:1213:10)[39m
[31m    at Module.load (node:internal/modules/cjs/loader:1037:32)[39m
[31m    at Module._load (node:internal/modules/cjs/loader:878:12)[39m
[31m    at Module.require (node:internal/modules/cjs/loader:1061:19)[39m
[31m    at require (node:internal/modules/cjs/helpers:103:18)[39m
[31m    at Object.<anonymous> (C:\Users\fwesh\Desktop\Code\social-media-app\routes\userRoute.js:2:24)[39m
[31m    at Module._compile (node:internal/modules/cjs/loader:1159:14)[39m
2023-02-07 14:53:16:5316 [31merror[39m: [31muncaughtException: missing ) after argument list[39m
[31mC:\Users\fwesh\Desktop\Code\social-media-app\controllers\authController.js:191[39m
[31m  }[39m
[31m  ^[39m

[31mSyntaxError: missing ) after argument list[39m
[31m    at Object.compileFunction (node:vm:360:18)[39m
[31m    at wrapSafe (node:internal/modules/cjs/loader:1088:15)[39m
[31m    at Module._compile (node:internal/modules/cjs/loader:1123:27)[39m
[31m    at Module._extensions..js (node:internal/modules/cjs/loader:1213:10)[39m
[31m    at Module.load (node:internal/modules/cjs/loader:1037:32)[39m
[31m    at Module._load (node:internal/modules/cjs/loader:878:12)[39m
[31m    at Module.require (node:internal/modules/cjs/loader:1061:19)[39m
[31m    at require (node:internal/modules/cjs/helpers:103:18)[39m
[31m    at Object.<anonymous> (C:\Users\fwesh\Desktop\Code\social-media-app\routes\userRoute.js:2:24)[39m
[31m    at Module._compile (node:internal/modules/cjs/loader:1159:14)[39m
2023-02-07 14:53:35:5335 [31merror[39m: [31muncaughtException: missing ) after argument list[39m
[31mC:\Users\fwesh\Desktop\Code\social-media-app\controllers\authController.js:191[39m
[31m  }[39m
[31m  ^[39m

[31mSyntaxError: missing ) after argument list[39m
[31m    at Object.compileFunction (node:vm:360:18)[39m
[31m    at wrapSafe (node:internal/modules/cjs/loader:1088:15)[39m
[31m    at Module._compile (node:internal/modules/cjs/loader:1123:27)[39m
[31m    at Module._extensions..js (node:internal/modules/cjs/loader:1213:10)[39m
[31m    at Module.load (node:internal/modules/cjs/loader:1037:32)[39m
[31m    at Module._load (node:internal/modules/cjs/loader:878:12)[39m
[31m    at Module.require (node:internal/modules/cjs/loader:1061:19)[39m
[31m    at require (node:internal/modules/cjs/helpers:103:18)[39m
[31m    at Object.<anonymous> (C:\Users\fwesh\Desktop\Code\social-media-app\routes\userRoute.js:2:24)[39m
[31m    at Module._compile (node:internal/modules/cjs/loader:1159:14)[39m
2023-02-07 14:55:36:5536 [31merror[39m: [31muncaughtException: missing ) after argument list[39m
[31mC:\Users\fwesh\Desktop\Code\social-media-app\controllers\authController.js:191[39m
[31m  }[39m
[31m  ^[39m

[31mSyntaxError: missing ) after argument list[39m
[31m    at Object.compileFunction (node:vm:360:18)[39m
[31m    at wrapSafe (node:internal/modules/cjs/loader:1088:15)[39m
[31m    at Module._compile (node:internal/modules/cjs/loader:1123:27)[39m
[31m    at Module._extensions..js (node:internal/modules/cjs/loader:1213:10)[39m
[31m    at Module.load (node:internal/modules/cjs/loader:1037:32)[39m
[31m    at Module._load (node:internal/modules/cjs/loader:878:12)[39m
[31m    at Module.require (node:internal/modules/cjs/loader:1061:19)[39m
[31m    at require (node:internal/modules/cjs/helpers:103:18)[39m
[31m    at Object.<anonymous> (C:\Users\fwesh\Desktop\Code\social-media-app\routes\userRoute.js:2:24)[39m
[31m    at Module._compile (node:internal/modules/cjs/loader:1159:14)[39m
2023-02-07 14:55:45:5545 [31merror[39m: [31muncaughtException: Unexpected token '}'[39m
[31mC:\Users\fwesh\Desktop\Code\social-media-app\controllers\authController.js:192[39m
[31m  {where: }[39m
[31m          ^[39m

[31mSyntaxError: Unexpected token '}'[39m
[31m    at Object.compileFunction (node:vm:360:18)[39m
[31m    at wrapSafe (node:internal/modules/cjs/loader:1088:15)[39m
[31m    at Module._compile (node:internal/modules/cjs/loader:1123:27)[39m
[31m    at Module._extensions..js (node:internal/modules/cjs/loader:1213:10)[39m
[31m    at Module.load (node:internal/modules/cjs/loader:1037:32)[39m
[31m    at Module._load (node:internal/modules/cjs/loader:878:12)[39m
[31m    at Module.require (node:internal/modules/cjs/loader:1061:19)[39m
[31m    at require (node:internal/modules/cjs/helpers:103:18)[39m
[31m    at Object.<anonymous> (C:\Users\fwesh\Desktop\Code\social-media-app\routes\userRoute.js:2:24)[39m
[31m    at Module._compile (node:internal/modules/cjs/loader:1159:14)[39m
2023-02-07 14:57:07:577 [31merror[39m: [31muncaughtException: User.beforeUpda is not a function[39m
[31mTypeError: User.beforeUpda is not a function[39m
[31m    at module.exports (C:\Users\fwesh\Desktop\Code\social-media-app\models\userModel.js:65:8)[39m
[31m    at Object.<anonymous> (C:\Users\fwesh\Desktop\Code\social-media-app\models\index.js:45:12)[39m
[31m    at Module._compile (node:internal/modules/cjs/loader:1159:14)[39m
[31m    at Module._extensions..js (node:internal/modules/cjs/loader:1213:10)[39m
[31m    at Module.load (node:internal/modules/cjs/loader:1037:32)[39m
[31m    at Module._load (node:internal/modules/cjs/loader:878:12)[39m
[31m    at Module.require (node:internal/modules/cjs/loader:1061:19)[39m
[31m    at require (node:internal/modules/cjs/helpers:103:18)[39m
[31m    at Object.<anonymous> (C:\Users\fwesh\Desktop\Code\social-media-app\controllers\authController.js:5:12)[39m
[31m    at Module._compile (node:internal/modules/cjs/loader:1159:14)[39m
2023-02-07 14:59:30:5930 [31merror[39m: [31mToken Expired Or Invalid Token, Request for a new token[39m
2023-02-07 15:01:51:151 [31merror[39m: [31mToken Expired Or Invalid Token, Request for a new token[39m
2023-02-07 15:06:49:649 [31merror[39m: [31mEmail Or Password Incorrect[39m
2023-02-07 15:07:15:715 [31merror[39m: [31mEmail Or Password Incorrect[39m
2023-02-07 15:21:55:2155 [31merror[39m: [31mEmail Or Password Incorrect[39m
2023-02-07 15:24:50:2450 [31merror[39m: [31mEmail Or Password Incorrect[39m
2023-02-07 15:28:58:2858 [31merror[39m: [31mEmail Or Password Incorrect[39m
2023-02-07 15:30:23:3023 [31merror[39m: [31mEmail Or Password Incorrect[39m
2023-02-07 15:34:33:3433 [31merror[39m: [31muncaughtException: Unexpected token '}'[39m
[31mC:\Users\fwesh\Desktop\Code\social-media-app\utils\email.js:82[39m
[31m};[39m
[31m^[39m

[31mSyntaxError: Unexpected token '}'[39m
[31m    at Object.compileFunction (node:vm:360:18)[39m
[31m    at wrapSafe (node:internal/modules/cjs/loader:1088:15)[39m
[31m    at Module._compile (node:internal/modules/cjs/loader:1123:27)[39m
[31m    at Module._extensions..js (node:internal/modules/cjs/loader:1213:10)[39m
[31m    at Module.load (node:internal/modules/cjs/loader:1037:32)[39m
[31m    at Module._load (node:internal/modules/cjs/loader:878:12)[39m
[31m    at Module.require (node:internal/modules/cjs/loader:1061:19)[39m
[31m    at require (node:internal/modules/cjs/helpers:103:18)[39m
[31m    at Object.<anonymous> (C:\Users\fwesh\Desktop\Code\social-media-app\controllers\authController.js:10:15)[39m
[31m    at Module._compile (node:internal/modules/cjs/loader:1159:14)[39m
2023-02-07 15:34:41:3441 [31merror[39m: [31muncaughtException: Unexpected token '}'[39m
[31mC:\Users\fwesh\Desktop\Code\social-media-app\utils\email.js:82[39m
[31m};[39m
[31m^[39m

[31mSyntaxError: Unexpected token '}'[39m
[31m    at Object.compileFunction (node:vm:360:18)[39m
[31m    at wrapSafe (node:internal/modules/cjs/loader:1088:15)[39m
[31m    at Module._compile (node:internal/modules/cjs/loader:1123:27)[39m
[31m    at Module._extensions..js (node:internal/modules/cjs/loader:1213:10)[39m
[31m    at Module.load (node:internal/modules/cjs/loader:1037:32)[39m
[31m    at Module._load (node:internal/modules/cjs/loader:878:12)[39m
[31m    at Module.require (node:internal/modules/cjs/loader:1061:19)[39m
[31m    at require (node:internal/modules/cjs/helpers:103:18)[39m
[31m    at Object.<anonymous> (C:\Users\fwesh\Desktop\Code\social-media-app\controllers\authController.js:10:15)[39m
[31m    at Module._compile (node:internal/modules/cjs/loader:1159:14)[39m
2023-02-07 15:34:45:3445 [31merror[39m: [31muncaughtException: Unexpected token '}'[39m
[31mC:\Users\fwesh\Desktop\Code\social-media-app\utils\email.js:82[39m
[31m};[39m
[31m^[39m

[31mSyntaxError: Unexpected token '}'[39m
[31m    at Object.compileFunction (node:vm:360:18)[39m
[31m    at wrapSafe (node:internal/modules/cjs/loader:1088:15)[39m
[31m    at Module._compile (node:internal/modules/cjs/loader:1123:27)[39m
[31m    at Module._extensions..js (node:internal/modules/cjs/loader:1213:10)[39m
[31m    at Module.load (node:internal/modules/cjs/loader:1037:32)[39m
[31m    at Module._load (node:internal/modules/cjs/loader:878:12)[39m
[31m    at Module.require (node:internal/modules/cjs/loader:1061:19)[39m
[31m    at require (node:internal/modules/cjs/helpers:103:18)[39m
[31m    at Object.<anonymous> (C:\Users\fwesh\Desktop\Code\social-media-app\controllers\authController.js:10:15)[39m
[31m    at Module._compile (node:internal/modules/cjs/loader:1159:14)[39m
2023-02-07 15:34:54:3454 [31merror[39m: [31muncaughtException: Unexpected token '}'[39m
[31mC:\Users\fwesh\Desktop\Code\social-media-app\utils\email.js:82[39m
[31m};[39m
[31m^[39m

[31mSyntaxError: Unexpected token '}'[39m
[31m    at Object.compileFunction (node:vm:360:18)[39m
[31m    at wrapSafe (node:internal/modules/cjs/loader:1088:15)[39m
[31m    at Module._compile (node:internal/modules/cjs/loader:1123:27)[39m
[31m    at Module._extensions..js (node:internal/modules/cjs/loader:1213:10)[39m
[31m    at Module.load (node:internal/modules/cjs/loader:1037:32)[39m
[31m    at Module._load (node:internal/modules/cjs/loader:878:12)[39m
[31m    at Module.require (node:internal/modules/cjs/loader:1061:19)[39m
[31m    at require (node:internal/modules/cjs/helpers:103:18)[39m
[31m    at Object.<anonymous> (C:\Users\fwesh\Desktop\Code\social-media-app\controllers\authController.js:10:15)[39m
[31m    at Module._compile (node:internal/modules/cjs/loader:1159:14)[39m
2023-02-07 15:36:57:3657 [31merror[39m: [31muncaughtException: Unexpected identifier[39m
[31mC:\Users\fwesh\Desktop\Code\social-media-app\controllers\authController.js:190[39m
[31m  createSendToken(user, 200, res);[39m
[31m  ^^^^^^^^^^^^^^^[39m

[31mSyntaxError: Unexpected identifier[39m
[31m    at Object.compileFunction (node:vm:360:18)[39m
[31m    at wrapSafe (node:internal/modules/cjs/loader:1088:15)[39m
[31m    at Module._compile (node:internal/modules/cjs/loader:1123:27)[39m
[31m    at Module._extensions..js (node:internal/modules/cjs/loader:1213:10)[39m
[31m    at Module.load (node:internal/modules/cjs/loader:1037:32)[39m
[31m    at Module._load (node:internal/modules/cjs/loader:878:12)[39m
[31m    at Module.require (node:internal/modules/cjs/loader:1061:19)[39m
[31m    at require (node:internal/modules/cjs/helpers:103:18)[39m
[31m    at Object.<anonymous> (C:\Users\fwesh\Desktop\Code\social-media-app\routes\userRoute.js:2:24)[39m
[31m    at Module._compile (node:internal/modules/cjs/loader:1159:14)[39m
2023-02-07 15:37:00:370 [31merror[39m: [31muncaughtException: Missing catch or finally after try[39m
[31mC:\Users\fwesh\Desktop\Code\social-media-app\controllers\authController.js:190[39m
[31m  }[39m
[31m  ^[39m

[31mSyntaxError: Missing catch or finally after try[39m
[31m    at Object.compileFunction (node:vm:360:18)[39m
[31m    at wrapSafe (node:internal/modules/cjs/loader:1088:15)[39m
[31m    at Module._compile (node:internal/modules/cjs/loader:1123:27)[39m
[31m    at Module._extensions..js (node:internal/modules/cjs/loader:1213:10)[39m
[31m    at Module.load (node:internal/modules/cjs/loader:1037:32)[39m
[31m    at Module._load (node:internal/modules/cjs/loader:878:12)[39m
[31m    at Module.require (node:internal/modules/cjs/loader:1061:19)[39m
[31m    at require (node:internal/modules/cjs/helpers:103:18)[39m
[31m    at Object.<anonymous> (C:\Users\fwesh\Desktop\Code\social-media-app\routes\userRoute.js:2:24)[39m
[31m    at Module._compile (node:internal/modules/cjs/loader:1159:14)[39m
2023-02-07 15:37:03:373 [31merror[39m: [31muncaughtException: Missing catch or finally after try[39m
[31mC:\Users\fwesh\Desktop\Code\social-media-app\controllers\authController.js:190[39m
[31m  }[39m
[31m  ^[39m

[31mSyntaxError: Missing catch or finally after try[39m
[31m    at Object.compileFunction (node:vm:360:18)[39m
[31m    at wrapSafe (node:internal/modules/cjs/loader:1088:15)[39m
[31m    at Module._compile (node:internal/modules/cjs/loader:1123:27)[39m
[31m    at Module._extensions..js (node:internal/modules/cjs/loader:1213:10)[39m
[31m    at Module.load (node:internal/modules/cjs/loader:1037:32)[39m
[31m    at Module._load (node:internal/modules/cjs/loader:878:12)[39m
[31m    at Module.require (node:internal/modules/cjs/loader:1061:19)[39m
[31m    at require (node:internal/modules/cjs/helpers:103:18)[39m
[31m    at Object.<anonymous> (C:\Users\fwesh\Desktop\Code\social-media-app\routes\userRoute.js:2:24)[39m
[31m    at Module._compile (node:internal/modules/cjs/loader:1159:14)[39m
2023-02-07 15:37:25:3725 [31merror[39m: [31muncaughtException: Missing catch or finally after try[39m
[31mC:\Users\fwesh\Desktop\Code\social-media-app\controllers\authController.js:191[39m
[31m  }[39m
[31m  ^[39m

[31mSyntaxError: Missing catch or finally after try[39m
[31m    at Object.compileFunction (node:vm:360:18)[39m
[31m    at wrapSafe (node:internal/modules/cjs/loader:1088:15)[39m
[31m    at Module._compile (node:internal/modules/cjs/loader:1123:27)[39m
[31m    at Module._extensions..js (node:internal/modules/cjs/loader:1213:10)[39m
[31m    at Module.load (node:internal/modules/cjs/loader:1037:32)[39m
[31m    at Module._load (node:internal/modules/cjs/loader:878:12)[39m
[31m    at Module.require (node:internal/modules/cjs/loader:1061:19)[39m
[31m    at require (node:internal/modules/cjs/helpers:103:18)[39m
[31m    at Object.<anonymous> (C:\Users\fwesh\Desktop\Code\social-media-app\routes\userRoute.js:2:24)[39m
[31m    at Module._compile (node:internal/modules/cjs/loader:1159:14)[39m
2023-02-07 15:37:31:3731 [31merror[39m: [31muncaughtException: Missing catch or finally after try[39m
[31mC:\Users\fwesh\Desktop\Code\social-media-app\controllers\authController.js:191[39m
[31m  }[39m
[31m  ^[39m

[31mSyntaxError: Missing catch or finally after try[39m
[31m    at Object.compileFunction (node:vm:360:18)[39m
[31m    at wrapSafe (node:internal/modules/cjs/loader:1088:15)[39m
[31m    at Module._compile (node:internal/modules/cjs/loader:1123:27)[39m
[31m    at Module._extensions..js (node:internal/modules/cjs/loader:1213:10)[39m
[31m    at Module.load (node:internal/modules/cjs/loader:1037:32)[39m
[31m    at Module._load (node:internal/modules/cjs/loader:878:12)[39m
[31m    at Module.require (node:internal/modules/cjs/loader:1061:19)[39m
[31m    at require (node:internal/modules/cjs/helpers:103:18)[39m
[31m    at Object.<anonymous> (C:\Users\fwesh\Desktop\Code\social-media-app\routes\userRoute.js:2:24)[39m
[31m    at Module._compile (node:internal/modules/cjs/loader:1159:14)[39m
2023-02-07 15:37:41:3741 [31merror[39m: [31muncaughtException: Missing catch or finally after try[39m
[31mC:\Users\fwesh\Desktop\Code\social-media-app\controllers\authController.js:192[39m
[31m  }[39m
[31m  ^[39m

[31mSyntaxError: Missing catch or finally after try[39m
[31m    at Object.compileFunction (node:vm:360:18)[39m
[31m    at wrapSafe (node:internal/modules/cjs/loader:1088:15)[39m
[31m    at Module._compile (node:internal/modules/cjs/loader:1123:27)[39m
[31m    at Module._extensions..js (node:internal/modules/cjs/loader:1213:10)[39m
[31m    at Module.load (node:internal/modules/cjs/loader:1037:32)[39m
[31m    at Module._load (node:internal/modules/cjs/loader:878:12)[39m
[31m    at Module.require (node:internal/modules/cjs/loader:1061:19)[39m
[31m    at require (node:internal/modules/cjs/helpers:103:18)[39m
[31m    at Object.<anonymous> (C:\Users\fwesh\Desktop\Code\social-media-app\routes\userRoute.js:2:24)[39m
[31m    at Module._compile (node:internal/modules/cjs/loader:1159:14)[39m
2023-02-07 15:37:45:3745 [31merror[39m: [31muncaughtException: Missing catch or finally after try[39m
[31mC:\Users\fwesh\Desktop\Code\social-media-app\controllers\authController.js:192[39m
[31m  }[39m
[31m  ^[39m

[31mSyntaxError: Missing catch or finally after try[39m
[31m    at Object.compileFunction (node:vm:360:18)[39m
[31m    at wrapSafe (node:internal/modules/cjs/loader:1088:15)[39m
[31m    at Module._compile (node:internal/modules/cjs/loader:1123:27)[39m
[31m    at Module._extensions..js (node:internal/modules/cjs/loader:1213:10)[39m
[31m    at Module.load (node:internal/modules/cjs/loader:1037:32)[39m
[31m    at Module._load (node:internal/modules/cjs/loader:878:12)[39m
[31m    at Module.require (node:internal/modules/cjs/loader:1061:19)[39m
[31m    at require (node:internal/modules/cjs/helpers:103:18)[39m
[31m    at Object.<anonymous> (C:\Users\fwesh\Desktop\Code\social-media-app\routes\userRoute.js:2:24)[39m
[31m    at Module._compile (node:internal/modules/cjs/loader:1159:14)[39m
2023-02-07 15:37:54:3754 [31merror[39m: [31muncaughtException: Missing catch or finally after try[39m
[31mC:\Users\fwesh\Desktop\Code\social-media-app\controllers\authController.js:194[39m
[31m  }[39m
[31m  ^[39m

[31mSyntaxError: Missing catch or finally after try[39m
[31m    at Object.compileFunction (node:vm:360:18)[39m
[31m    at wrapSafe (node:internal/modules/cjs/loader:1088:15)[39m
[31m    at Module._compile (node:internal/modules/cjs/loader:1123:27)[39m
[31m    at Module._extensions..js (node:internal/modules/cjs/loader:1213:10)[39m
[31m    at Module.load (node:internal/modules/cjs/loader:1037:32)[39m
[31m    at Module._load (node:internal/modules/cjs/loader:878:12)[39m
[31m    at Module.require (node:internal/modules/cjs/loader:1061:19)[39m
[31m    at require (node:internal/modules/cjs/helpers:103:18)[39m
[31m    at Object.<anonymous> (C:\Users\fwesh\Desktop\Code\social-media-app\routes\userRoute.js:2:24)[39m
[31m    at Module._compile (node:internal/modules/cjs/loader:1159:14)[39m
2023-02-07 15:37:59:3759 [31merror[39m: [31muncaughtException: Missing catch or finally after try[39m
[31mC:\Users\fwesh\Desktop\Code\social-media-app\controllers\authController.js:194[39m
[31m  }[39m
[31m  ^[39m

[31mSyntaxError: Missing catch or finally after try[39m
[31m    at Object.compileFunction (node:vm:360:18)[39m
[31m    at wrapSafe (node:internal/modules/cjs/loader:1088:15)[39m
[31m    at Module._compile (node:internal/modules/cjs/loader:1123:27)[39m
[31m    at Module._extensions..js (node:internal/modules/cjs/loader:1213:10)[39m
[31m    at Module.load (node:internal/modules/cjs/loader:1037:32)[39m
[31m    at Module._load (node:internal/modules/cjs/loader:878:12)[39m
[31m    at Module.require (node:internal/modules/cjs/loader:1061:19)[39m
[31m    at require (node:internal/modules/cjs/helpers:103:18)[39m
[31m    at Object.<anonymous> (C:\Users\fwesh\Desktop\Code\social-media-app\routes\userRoute.js:2:24)[39m
[31m    at Module._compile (node:internal/modules/cjs/loader:1159:14)[39m
2023-02-07 15:38:03:383 [31merror[39m: [31muncaughtException: Missing catch or finally after try[39m
[31mC:\Users\fwesh\Desktop\Code\social-media-app\controllers\authController.js:194[39m
[31m  }[39m
[31m  ^[39m

[31mSyntaxError: Missing catch or finally after try[39m
[31m    at Object.compileFunction (node:vm:360:18)[39m
[31m    at wrapSafe (node:internal/modules/cjs/loader:1088:15)[39m
[31m    at Module._compile (node:internal/modules/cjs/loader:1123:27)[39m
[31m    at Module._extensions..js (node:internal/modules/cjs/loader:1213:10)[39m
[31m    at Module.load (node:internal/modules/cjs/loader:1037:32)[39m
[31m    at Module._load (node:internal/modules/cjs/loader:878:12)[39m
[31m    at Module.require (node:internal/modules/cjs/loader:1061:19)[39m
[31m    at require (node:internal/modules/cjs/helpers:103:18)[39m
[31m    at Object.<anonymous> (C:\Users\fwesh\Desktop\Code\social-media-app\routes\userRoute.js:2:24)[39m
[31m    at Module._compile (node:internal/modules/cjs/loader:1159:14)[39m
2023-02-07 15:38:09:389 [31merror[39m: [31muncaughtException: Missing catch or finally after try[39m
[31mC:\Users\fwesh\Desktop\Code\social-media-app\controllers\authController.js:194[39m
[31m  }[39m
[31m  ^[39m

[31mSyntaxError: Missing catch or finally after try[39m
[31m    at Object.compileFunction (node:vm:360:18)[39m
[31m    at wrapSafe (node:internal/modules/cjs/loader:1088:15)[39m
[31m    at Module._compile (node:internal/modules/cjs/loader:1123:27)[39m
[31m    at Module._extensions..js (node:internal/modules/cjs/loader:1213:10)[39m
[31m    at Module.load (node:internal/modules/cjs/loader:1037:32)[39m
[31m    at Module._load (node:internal/modules/cjs/loader:878:12)[39m
[31m    at Module.require (node:internal/modules/cjs/loader:1061:19)[39m
[31m    at require (node:internal/modules/cjs/helpers:103:18)[39m
[31m    at Object.<anonymous> (C:\Users\fwesh\Desktop\Code\social-media-app\routes\userRoute.js:2:24)[39m
[31m    at Module._compile (node:internal/modules/cjs/loader:1159:14)[39m
2023-02-07 15:38:12:3812 [31merror[39m: [31muncaughtException: Missing catch or finally after try[39m
[31mC:\Users\fwesh\Desktop\Code\social-media-app\controllers\authController.js:194[39m
[31m  }[39m
[31m  ^[39m

[31mSyntaxError: Missing catch or finally after try[39m
[31m    at Object.compileFunction (node:vm:360:18)[39m
[31m    at wrapSafe (node:internal/modules/cjs/loader:1088:15)[39m
[31m    at Module._compile (node:internal/modules/cjs/loader:1123:27)[39m
[31m    at Module._extensions..js (node:internal/modules/cjs/loader:1213:10)[39m
[31m    at Module.load (node:internal/modules/cjs/loader:1037:32)[39m
[31m    at Module._load (node:internal/modules/cjs/loader:878:12)[39m
[31m    at Module.require (node:internal/modules/cjs/loader:1061:19)[39m
[31m    at require (node:internal/modules/cjs/helpers:103:18)[39m
[31m    at Object.<anonymous> (C:\Users\fwesh\Desktop\Code\social-media-app\routes\userRoute.js:2:24)[39m
[31m    at Module._compile (node:internal/modules/cjs/loader:1159:14)[39m
2023-02-07 15:38:14:3814 [31merror[39m: [31muncaughtException: Missing catch or finally after try[39m
[31mC:\Users\fwesh\Desktop\Code\social-media-app\controllers\authController.js:194[39m
[31m  }[39m
[31m  ^[39m

[31mSyntaxError: Missing catch or finally after try[39m
[31m    at Object.compileFunction (node:vm:360:18)[39m
[31m    at wrapSafe (node:internal/modules/cjs/loader:1088:15)[39m
[31m    at Module._compile (node:internal/modules/cjs/loader:1123:27)[39m
[31m    at Module._extensions..js (node:internal/modules/cjs/loader:1213:10)[39m
[31m    at Module.load (node:internal/modules/cjs/loader:1037:32)[39m
[31m    at Module._load (node:internal/modules/cjs/loader:878:12)[39m
[31m    at Module.require (node:internal/modules/cjs/loader:1061:19)[39m
[31m    at require (node:internal/modules/cjs/helpers:103:18)[39m
[31m    at Object.<anonymous> (C:\Users\fwesh\Desktop\Code\social-media-app\routes\userRoute.js:2:24)[39m
[31m    at Module._compile (node:internal/modules/cjs/loader:1159:14)[39m
2023-02-07 15:38:16:3816 [31merror[39m: [31muncaughtException: Missing catch or finally after try[39m
[31mC:\Users\fwesh\Desktop\Code\social-media-app\controllers\authController.js:194[39m
[31m  }[39m
[31m  ^[39m

[31mSyntaxError: Missing catch or finally after try[39m
[31m    at Object.compileFunction (node:vm:360:18)[39m
[31m    at wrapSafe (node:internal/modules/cjs/loader:1088:15)[39m
[31m    at Module._compile (node:internal/modules/cjs/loader:1123:27)[39m
[31m    at Module._extensions..js (node:internal/modules/cjs/loader:1213:10)[39m
[31m    at Module.load (node:internal/modules/cjs/loader:1037:32)[39m
[31m    at Module._load (node:internal/modules/cjs/loader:878:12)[39m
[31m    at Module.require (node:internal/modules/cjs/loader:1061:19)[39m
[31m    at require (node:internal/modules/cjs/helpers:103:18)[39m
[31m    at Object.<anonymous> (C:\Users\fwesh\Desktop\Code\social-media-app\routes\userRoute.js:2:24)[39m
[31m    at Module._compile (node:internal/modules/cjs/loader:1159:14)[39m
2023-02-07 15:38:17:3817 [31merror[39m: [31muncaughtException: Missing catch or finally after try[39m
[31mC:\Users\fwesh\Desktop\Code\social-media-app\controllers\authController.js:194[39m
[31m  }[39m
[31m  ^[39m

[31mSyntaxError: Missing catch or finally after try[39m
[31m    at Object.compileFunction (node:vm:360:18)[39m
[31m    at wrapSafe (node:internal/modules/cjs/loader:1088:15)[39m
[31m    at Module._compile (node:internal/modules/cjs/loader:1123:27)[39m
[31m    at Module._extensions..js (node:internal/modules/cjs/loader:1213:10)[39m
[31m    at Module.load (node:internal/modules/cjs/loader:1037:32)[39m
[31m    at Module._load (node:internal/modules/cjs/loader:878:12)[39m
[31m    at Module.require (node:internal/modules/cjs/loader:1061:19)[39m
[31m    at require (node:internal/modules/cjs/helpers:103:18)[39m
[31m    at Object.<anonymous> (C:\Users\fwesh\Desktop\Code\social-media-app\routes\userRoute.js:2:24)[39m
[31m    at Module._compile (node:internal/modules/cjs/loader:1159:14)[39m
2023-02-07 15:38:28:3828 [31merror[39m: [31muncaughtException: Unexpected token '}'[39m
[31mC:\Users\fwesh\Desktop\Code\social-media-app\controllers\authController.js:196[39m
[31m};[39m
[31m^[39m

[31mSyntaxError: Unexpected token '}'[39m
[31m    at Object.compileFunction (node:vm:360:18)[39m
[31m    at wrapSafe (node:internal/modules/cjs/loader:1088:15)[39m
[31m    at Module._compile (node:internal/modules/cjs/loader:1123:27)[39m
[31m    at Module._extensions..js (node:internal/modules/cjs/loader:1213:10)[39m
[31m    at Module.load (node:internal/modules/cjs/loader:1037:32)[39m
[31m    at Module._load (node:internal/modules/cjs/loader:878:12)[39m
[31m    at Module.require (node:internal/modules/cjs/loader:1061:19)[39m
[31m    at require (node:internal/modules/cjs/helpers:103:18)[39m
[31m    at Object.<anonymous> (C:\Users\fwesh\Desktop\Code\social-media-app\routes\userRoute.js:2:24)[39m
[31m    at Module._compile (node:internal/modules/cjs/loader:1159:14)[39m
2023-02-07 15:38:29:3829 [31merror[39m: [31muncaughtException: Unexpected token '}'[39m
[31mC:\Users\fwesh\Desktop\Code\social-media-app\controllers\authController.js:196[39m
[31m};[39m
[31m^[39m

[31mSyntaxError: Unexpected token '}'[39m
[31m    at Object.compileFunction (node:vm:360:18)[39m
[31m    at wrapSafe (node:internal/modules/cjs/loader:1088:15)[39m
[31m    at Module._compile (node:internal/modules/cjs/loader:1123:27)[39m
[31m    at Module._extensions..js (node:internal/modules/cjs/loader:1213:10)[39m
[31m    at Module.load (node:internal/modules/cjs/loader:1037:32)[39m
[31m    at Module._load (node:internal/modules/cjs/loader:878:12)[39m
[31m    at Module.require (node:internal/modules/cjs/loader:1061:19)[39m
[31m    at require (node:internal/modules/cjs/helpers:103:18)[39m
[31m    at Object.<anonymous> (C:\Users\fwesh\Desktop\Code\social-media-app\routes\userRoute.js:2:24)[39m
[31m    at Module._compile (node:internal/modules/cjs/loader:1159:14)[39m
2023-02-07 15:38:30:3830 [31merror[39m: [31muncaughtException: Unexpected token '}'[39m
[31mC:\Users\fwesh\Desktop\Code\social-media-app\controllers\authController.js:196[39m
[31m};[39m
[31m^[39m

[31mSyntaxError: Unexpected token '}'[39m
[31m    at Object.compileFunction (node:vm:360:18)[39m
[31m    at wrapSafe (node:internal/modules/cjs/loader:1088:15)[39m
[31m    at Module._compile (node:internal/modules/cjs/loader:1123:27)[39m
[31m    at Module._extensions..js (node:internal/modules/cjs/loader:1213:10)[39m
[31m    at Module.load (node:internal/modules/cjs/loader:1037:32)[39m
[31m    at Module._load (node:internal/modules/cjs/loader:878:12)[39m
[31m    at Module.require (node:internal/modules/cjs/loader:1061:19)[39m
[31m    at require (node:internal/modules/cjs/helpers:103:18)[39m
[31m    at Object.<anonymous> (C:\Users\fwesh\Desktop\Code\social-media-app\routes\userRoute.js:2:24)[39m
[31m    at Module._compile (node:internal/modules/cjs/loader:1159:14)[39m
2023-02-07 15:42:16:4216 [31merror[39m: [31mPassword has been resetted, but we are having a issue sending a mail, Please proceed to login[39m
2023-02-07 15:42:46:4246 [31merror[39m: [31mToken Expired Or Invalid Token, Request for a new token[39m
2023-02-07 17:07:57:757 [31merror[39m: [31m"password" with value "Kelechi123#" fails to match the required pattern: /^[a-zA-Z0-9]{3,30}$/[39m
2023-02-07 17:09:35:935 [31merror[39m: [31mUnexpected token } in JSON at position 74[39m
2023-02-09 17:47:28:4728 [31merror[39m: [31mCannot read properties of undefined (reading 'id')[39m
2023-02-09 17:48:06:486 [31merror[39m: [31muncaughtException: Unexpected token 'const'[39m
[31mC:\Users\fwesh\Desktop\Code\social-media-app\routes\postRoute.js:8[39m
[31mconst postController = require('../controllers/postController')[39m
[31m^^^^^[39m

[31mSyntaxError: Unexpected token 'const'[39m
[31m    at Object.compileFunction (node:vm:360:18)[39m
[31m    at wrapSafe (node:internal/modules/cjs/loader:1088:15)[39m
[31m    at Module._compile (node:internal/modules/cjs/loader:1123:27)[39m
[31m    at Module._extensions..js (node:internal/modules/cjs/loader:1213:10)[39m
[31m    at Module.load (node:internal/modules/cjs/loader:1037:32)[39m
[31m    at Module._load (node:internal/modules/cjs/loader:878:12)[39m
[31m    at Module.require (node:internal/modules/cjs/loader:1061:19)[39m
[31m    at require (node:internal/modules/cjs/helpers:103:18)[39m
[31m    at Object.<anonymous> (C:\Users\fwesh\Desktop\Code\social-media-app\app.js:9:19)[39m
[31m    at Module._compile (node:internal/modules/cjs/loader:1159:14)[39m
[31m    at Module._extensions..js (node:internal/modules/cjs/loader:1213:10)[39m
[31m    at Module.load (node:internal/modules/cjs/loader:1037:32)[39m
[31m    at Module._load (node:internal/modules/cjs/loader:878:12)[39m
[31m    at Module.require (node:internal/modules/cjs/loader:1061:19)[39m
[31m    at require (node:internal/modules/cjs/helpers:103:18)[39m
[31m    at Object.<anonymous> (C:\Users\fwesh\Desktop\Code\social-media-app\server.js:1:13)[39m
2023-02-09 17:48:07:487 [31merror[39m: [31muncaughtException: re is not defined[39m
[31mReferenceError: re is not defined[39m
[31m    at Object.<anonymous> (C:\Users\fwesh\Desktop\Code\social-media-app\routes\postRoute.js:4:22)[39m
[31m    at Module._compile (node:internal/modules/cjs/loader:1159:14)[39m
[31m    at Module._extensions..js (node:internal/modules/cjs/loader:1213:10)[39m
[31m    at Module.load (node:internal/modules/cjs/loader:1037:32)[39m
[31m    at Module._load (node:internal/modules/cjs/loader:878:12)[39m
[31m    at Module.require (node:internal/modules/cjs/loader:1061:19)[39m
[31m    at require (node:internal/modules/cjs/helpers:103:18)[39m
[31m    at Object.<anonymous> (C:\Users\fwesh\Desktop\Code\social-media-app\app.js:9:19)[39m
[31m    at Module._compile (node:internal/modules/cjs/loader:1159:14)[39m
[31m    at Module._extensions..js (node:internal/modules/cjs/loader:1213:10)[39m
[31m    at Module.load (node:internal/modules/cjs/loader:1037:32)[39m
[31m    at Module._load (node:internal/modules/cjs/loader:878:12)[39m
[31m    at Module.require (node:internal/modules/cjs/loader:1061:19)[39m
[31m    at require (node:internal/modules/cjs/helpers:103:18)[39m
[31m    at Object.<anonymous> (C:\Users\fwesh\Desktop\Code\social-media-app\server.js:1:13)[39m
[31m    at Module._compile (node:internal/modules/cjs/loader:1159:14)[39m
2023-02-09 17:48:09:489 [31merror[39m: [31muncaughtException: req is not defined[39m
[31mReferenceError: req is not defined[39m
[31m    at Object.<anonymous> (C:\Users\fwesh\Desktop\Code\social-media-app\routes\postRoute.js:4:22)[39m
[31m    at Module._compile (node:internal/modules/cjs/loader:1159:14)[39m
[31m    at Module._extensions..js (node:internal/modules/cjs/loader:1213:10)[39m
[31m    at Module.load (node:internal/modules/cjs/loader:1037:32)[39m
[31m    at Module._load (node:internal/modules/cjs/loader:878:12)[39m
[31m    at Module.require (node:internal/modules/cjs/loader:1061:19)[39m
[31m    at require (node:internal/modules/cjs/helpers:103:18)[39m
[31m    at Object.<anonymous> (C:\Users\fwesh\Desktop\Code\social-media-app\app.js:9:19)[39m
[31m    at Module._compile (node:internal/modules/cjs/loader:1159:14)[39m
[31m    at Module._extensions..js (node:internal/modules/cjs/loader:1213:10)[39m
[31m    at Module.load (node:internal/modules/cjs/loader:1037:32)[39m
[31m    at Module._load (node:internal/modules/cjs/loader:878:12)[39m
[31m    at Module.require (node:internal/modules/cjs/loader:1061:19)[39m
[31m    at require (node:internal/modules/cjs/helpers:103:18)[39m
[31m    at Object.<anonymous> (C:\Users\fwesh\Desktop\Code\social-media-app\server.js:1:13)[39m
[31m    at Module._compile (node:internal/modules/cjs/loader:1159:14)[39m
2023-02-09 17:48:40:4840 [31merror[39m: [31muncaughtException: The argument 'id' must be a non-empty string. Received ''[39m
[31mTypeError [ERR_INVALID_ARG_VALUE]: The argument 'id' must be a non-empty string. Received ''[39m
[31m    at new NodeError (node:internal/errors:393:5)[39m
[31m    at Module.require (node:internal/modules/cjs/loader:1056:11)[39m
[31m    at require (node:internal/modules/cjs/helpers:103:18)[39m
[31m    at Object.<anonymous> (C:\Users\fwesh\Desktop\Code\social-media-app\routes\postRoute.js:4:22)[39m
[31m    at Module._compile (node:internal/modules/cjs/loader:1159:14)[39m
[31m    at Module._extensions..js (node:internal/modules/cjs/loader:1213:10)[39m
[31m    at Module.load (node:internal/modules/cjs/loader:1037:32)[39m
[31m    at Module._load (node:internal/modules/cjs/loader:878:12)[39m
[31m    at Module.require (node:internal/modules/cjs/loader:1061:19)[39m
[31m    at require (node:internal/modules/cjs/helpers:103:18)[39m
[31m    at Object.<anonymous> (C:\Users\fwesh\Desktop\Code\social-media-app\app.js:9:19)[39m
[31m    at Module._compile (node:internal/modules/cjs/loader:1159:14)[39m
[31m    at Module._extensions..js (node:internal/modules/cjs/loader:1213:10)[39m
[31m    at Module.load (node:internal/modules/cjs/loader:1037:32)[39m
[31m    at Module._load (node:internal/modules/cjs/loader:878:12)[39m
[31m    at Module.require (node:internal/modules/cjs/loader:1061:19)[39m
2023-02-09 17:48:45:4845 [31merror[39m: [31muncaughtException: Cannot find module './../controllers'[39m
[31mRequire stack:[39m
[31m- C:\Users\fwesh\Desktop\Code\social-media-app\routes\postRoute.js[39m
[31m- C:\Users\fwesh\Desktop\Code\social-media-app\app.js[39m
[31m- C:\Users\fwesh\Desktop\Code\social-media-app\server.js[39m
[31mError: Cannot find module './../controllers'[39m
[31mRequire stack:[39m
[31m- C:\Users\fwesh\Desktop\Code\social-media-app\routes\postRoute.js[39m
[31m- C:\Users\fwesh\Desktop\Code\social-media-app\app.js[39m
[31m- C:\Users\fwesh\Desktop\Code\social-media-app\server.js[39m
[31m    at Module._resolveFilename (node:internal/modules/cjs/loader:995:15)[39m
[31m    at Module._load (node:internal/modules/cjs/loader:841:27)[39m
[31m    at Module.require (node:internal/modules/cjs/loader:1061:19)[39m
[31m    at require (node:internal/modules/cjs/helpers:103:18)[39m
[31m    at Object.<anonymous> (C:\Users\fwesh\Desktop\Code\social-media-app\routes\postRoute.js:4:22)[39m
[31m    at Module._compile (node:internal/modules/cjs/loader:1159:14)[39m
[31m    at Module._extensions..js (node:internal/modules/cjs/loader:1213:10)[39m
[31m    at Module.load (node:internal/modules/cjs/loader:1037:32)[39m
[31m    at Module._load (node:internal/modules/cjs/loader:878:12)[39m
[31m    at Module.require (node:internal/modules/cjs/loader:1061:19)[39m
[31m    at require (node:internal/modules/cjs/helpers:103:18)[39m
[31m    at Object.<anonymous> (C:\Users\fwesh\Desktop\Code\social-media-app\app.js:9:19)[39m
[31m    at Module._compile (node:internal/modules/cjs/loader:1159:14)[39m
[31m    at Module._extensions..js (node:internal/modules/cjs/loader:1213:10)[39m
[31m    at Module.load (node:internal/modules/cjs/loader:1037:32)[39m
[31m    at Module._load (node:internal/modules/cjs/loader:878:12)[39m
2023-02-09 17:48:54:4854 [31merror[39m: [31muncaughtException: Cannot find module './../mi'[39m
[31mRequire stack:[39m
[31m- C:\Users\fwesh\Desktop\Code\social-media-app\routes\postRoute.js[39m
[31m- C:\Users\fwesh\Desktop\Code\social-media-app\app.js[39m
[31m- C:\Users\fwesh\Desktop\Code\social-media-app\server.js[39m
[31mError: Cannot find module './../mi'[39m
[31mRequire stack:[39m
[31m- C:\Users\fwesh\Desktop\Code\social-media-app\routes\postRoute.js[39m
[31m- C:\Users\fwesh\Desktop\Code\social-media-app\app.js[39m
[31m- C:\Users\fwesh\Desktop\Code\social-media-app\server.js[39m
[31m    at Module._resolveFilename (node:internal/modules/cjs/loader:995:15)[39m
[31m    at Module._load (node:internal/modules/cjs/loader:841:27)[39m
[31m    at Module.require (node:internal/modules/cjs/loader:1061:19)[39m
[31m    at require (node:internal/modules/cjs/helpers:103:18)[39m
[31m    at Object.<anonymous> (C:\Users\fwesh\Desktop\Code\social-media-app\routes\postRoute.js:4:22)[39m
[31m    at Module._compile (node:internal/modules/cjs/loader:1159:14)[39m
[31m    at Module._extensions..js (node:internal/modules/cjs/loader:1213:10)[39m
[31m    at Module.load (node:internal/modules/cjs/loader:1037:32)[39m
[31m    at Module._load (node:internal/modules/cjs/loader:878:12)[39m
[31m    at Module.require (node:internal/modules/cjs/loader:1061:19)[39m
[31m    at require (node:internal/modules/cjs/helpers:103:18)[39m
[31m    at Object.<anonymous> (C:\Users\fwesh\Desktop\Code\social-media-app\app.js:9:19)[39m
[31m    at Module._compile (node:internal/modules/cjs/loader:1159:14)[39m
[31m    at Module._extensions..js (node:internal/modules/cjs/loader:1213:10)[39m
[31m    at Module.load (node:internal/modules/cjs/loader:1037:32)[39m
[31m    at Module._load (node:internal/modules/cjs/loader:878:12)[39m
2023-02-09 17:49:16:4916 [31merror[39m: [31mYou are not logged in, Please Login Again[39m
2023-02-09 17:50:55:5055 [31merror[39m: [31mCannot read properties of null (reading 'password')[39m
2023-02-09 17:55:30:5530 [31merror[39m: [31mYou are not logged in, Please Login Again[39m
2023-02-09 17:56:49:5649 [31merror[39m: [31mYou are not logged in, Please Login Again[39m
2023-02-09 17:58:35:5835 [31merror[39m: [31mYou are not logged in, Please Login Again[39m
2023-02-09 18:00:57:057 [31merror[39m: [31mEmail Or Password Incorrect[39m
2023-02-09 18:03:31:331 [31merror[39m: [31mYou are not logged in, Please Login Again[39m
2023-02-09 18:04:47:447 [31merror[39m: [31mYou are not logged in, Please Login Again[39m
2023-02-09 18:05:58:558 [31merror[39m: [31mYou are not logged in jjajajajjaee, Please Login Again[39m
2023-02-09 18:32:01:321 [31merror[39m: [31mYou are not logged in jjajajajjaee, Please Login Again[39m
2023-02-09 18:32:22:3222 [31merror[39m: [31mYou are not logged ine, Please Login Again[39m
2023-02-09 18:33:11:3311 [31merror[39m: [31mYou are not logged ine, Please Login Again[39m
2023-02-09 18:33:21:3321 [31merror[39m: [31mYou are not logged ine, Please Login Again[39m
2023-02-09 18:33:54:3354 [31merror[39m: [31m/api/v1/login not found on this server[39m
2023-02-09 18:35:07:357 [31merror[39m: [31mYou are not logged ine, Please Login Again[39m
2023-02-09 18:37:40:3740 [31merror[39m: [31m"displayName" is required[39m
2023-02-09 19:01:42:142 [31merror[39m: [31mYou are not logged ine, Please Login Again[39m
2023-02-09 19:03:23:323 [31merror[39m: [31mYou are not logged ine, Please Login Again[39m
2023-02-09 19:04:05:45 [31merror[39m: [31mYou are not logged ine, Please Login Again[39m
2023-02-09 19:09:48:948 [31merror[39m: [31mYou are not logged ine, Please Login Again[39m
2023-02-09 19:11:00:110 [31merror[39m: [31mYou are not logged ine, Please Login Again[39m
2023-02-09 19:28:11:2811 [31merror[39m: [31m404[39m
2023-02-09 19:28:38:2838 [31merror[39m: [31m404[39m
2023-02-09 19:30:03:303 [31merror[39m: [31mCannot drop table 'users' referenced by a foreign key constraint 'blockedaccounts_ibfk_1' on table 'blockedaccounts'.[39m
2023-02-09 19:36:25:3625 [31merror[39m: [31mMust supply api_key[39m
